2023-10-18 09:42:49	[DEBUG]	/usr/local/go/src/runtime/asm_amd64.s:1650	App dev is running
2023-10-18 09:42:49	[DEBUG]	/usr/local/go/src/runtime/proc.go:267	Listening Signal...
2023-10-18 09:42:53	[INFO]	/var/www/shipping/kship-golang-check-price/src/present/httpui/middlewares/log.go:11	path: [/api/v4/check-price/GHTK], status: [400], method: [POST], user_agent: [PostmanRuntime/7.28.4], trace_id:[31e81f9645b3592939afe5212e71af1a], merchant:[]
2023-10-18 09:42:53	[WARN]	/var/www/shipping/kship-golang-check-price/src/infra/decorators/base.go:57	set redis error, err:[redis: can't marshal *domain.Shop (implement encoding.BinaryMarshaler)], trace_id:[31e81f9645b3592939afe5212e71af1a], merchant:[]
2023-10-18 09:49:37	[INFO]	/var/www/shipping/kship-golang-check-price/src/present/httpui/middlewares/log.go:11	path: [/api/v4/check-price/GHTK], status: [400], method: [POST], user_agent: [PostmanRuntime/7.28.4], trace_id:[1c820fbe9c16d73acc2b29e10b24f9de], merchant:[]
2023-10-18 09:49:37	[WARN]	/var/www/shipping/kship-golang-check-price/src/infra/decorators/base.go:57	set redis error, err:[redis: can't marshal *domain.Shop (implement encoding.BinaryMarshaler)], trace_id:[1c820fbe9c16d73acc2b29e10b24f9de], merchant:[]
2023-10-18 09:49:38	[INFO]	/var/www/shipping/kship-golang-check-price/src/present/httpui/middlewares/log.go:11	path: [/api/v4/check-price/GHTK], status: [400], method: [POST], user_agent: [PostmanRuntime/7.28.4], trace_id:[889c2862409228f5f9ce47ebe4d28f5d], merchant:[]
2023-10-18 09:49:38	[WARN]	/var/www/shipping/kship-golang-check-price/src/infra/decorators/base.go:57	set redis error, err:[redis: can't marshal *domain.Shop (implement encoding.BinaryMarshaler)], trace_id:[889c2862409228f5f9ce47ebe4d28f5d], merchant:[]
2023-10-18 09:49:39	[INFO]	/var/www/shipping/kship-golang-check-price/src/present/httpui/middlewares/log.go:11	path: [/api/v4/check-price/GHTK], status: [400], method: [POST], user_agent: [PostmanRuntime/7.28.4], trace_id:[e20a2796bc328806362ad69cbcdb048f], merchant:[]
2023-10-18 09:49:39	[WARN]	/var/www/shipping/kship-golang-check-price/src/infra/decorators/base.go:57	set redis error, err:[redis: can't marshal *domain.Shop (implement encoding.BinaryMarshaler)], trace_id:[e20a2796bc328806362ad69cbcdb048f], merchant:[]
2023-10-18 09:49:44	[INFO]	/usr/local/go/src/runtime/proc.go:267	Received signal: interrupt. Shutting down Server ...
2023-10-18 09:49:44	[INFO]	/home/quangquyet/go/pkg/mod/go.uber.org/fx@v1.20.0/internal/lifecycle/lifecycle.go:303	Stopping HTTP server
2023-10-18 09:49:44	[DEBUG]	/home/quangquyet/go/pkg/mod/go.uber.org/fx@v1.20.0/internal/lifecycle/lifecycle.go:303	Coming OnStop Storage
2023-10-18 09:49:46	[DEBUG]	/usr/local/go/src/runtime/asm_amd64.s:1650	App dev is running
2023-10-18 09:49:46	[DEBUG]	/usr/local/go/src/runtime/proc.go:267	Listening Signal...
2023-10-18 09:49:53	[INFO]	/var/www/shipping/kship-golang-check-price/src/present/httpui/middlewares/log.go:11	path: [/api/v4/check-price/GHTK], status: [400], method: [POST], user_agent: [PostmanRuntime/7.28.4], trace_id:[014f73ce47da8c296ea29fa0a783da1f], merchant:[]
2023-10-18 09:49:53	[WARN]	/var/www/shipping/kship-golang-check-price/src/infra/decorators/base.go:57	set redis error, err:[redis: can't marshal *domain.Shop (implement encoding.BinaryMarshaler)], trace_id:[014f73ce47da8c296ea29fa0a783da1f], merchant:[]
2023-10-18 09:49:54	[INFO]	/var/www/shipping/kship-golang-check-price/src/present/httpui/middlewares/log.go:11	path: [/api/v4/check-price/GHTK], status: [400], method: [POST], user_agent: [PostmanRuntime/7.28.4], trace_id:[263a27d3355be52a099af60bb191aeea], merchant:[]
2023-10-18 09:49:54	[WARN]	/var/www/shipping/kship-golang-check-price/src/infra/decorators/base.go:57	set redis error, err:[redis: can't marshal *domain.Shop (implement encoding.BinaryMarshaler)], trace_id:[263a27d3355be52a099af60bb191aeea], merchant:[]
2023-10-18 14:38:18	[INFO]	/var/www/shipping/kship-golang-check-price/src/present/httpui/middlewares/log.go:11	path: [/api/v4/check-price/GHTK], status: [400], method: [POST], user_agent: [PostmanRuntime/7.28.4], trace_id:[bad94e321545581ba28f40e7686ae402], merchant:[]
2023-10-18 14:38:18	[WARN]	/var/www/shipping/kship-golang-check-price/src/infra/decorators/base.go:57	set redis error, err:[redis: can't marshal *domain.Shop (implement encoding.BinaryMarshaler)], trace_id:[bad94e321545581ba28f40e7686ae402], merchant:[]
2023-10-18 14:38:20	[INFO]	/var/www/shipping/kship-golang-check-price/src/present/httpui/middlewares/log.go:11	path: [/api/v4/check-price/GHTK], status: [400], method: [POST], user_agent: [PostmanRuntime/7.28.4], trace_id:[4a4165b3a05a73bd6ef9018d7fc0a65a], merchant:[]
2023-10-18 14:38:20	[WARN]	/var/www/shipping/kship-golang-check-price/src/infra/decorators/base.go:57	set redis error, err:[redis: can't marshal *domain.Shop (implement encoding.BinaryMarshaler)], trace_id:[4a4165b3a05a73bd6ef9018d7fc0a65a], merchant:[]
2023-10-18 14:38:21	[INFO]	/var/www/shipping/kship-golang-check-price/src/present/httpui/middlewares/log.go:11	path: [/api/v4/check-price/GHTK], status: [400], method: [POST], user_agent: [PostmanRuntime/7.28.4], trace_id:[e50acf828394b29c6a9eff5456eea54b], merchant:[]
2023-10-18 14:38:21	[WARN]	/var/www/shipping/kship-golang-check-price/src/infra/decorators/base.go:57	set redis error, err:[redis: can't marshal *domain.Shop (implement encoding.BinaryMarshaler)], trace_id:[e50acf828394b29c6a9eff5456eea54b], merchant:[]
2023-10-18 14:38:24	[INFO]	/usr/local/go/src/runtime/proc.go:267	Received signal: interrupt. Shutting down Server ...
2023-10-18 14:38:24	[INFO]	/home/quangquyet/go/pkg/mod/go.uber.org/fx@v1.20.0/internal/lifecycle/lifecycle.go:303	Stopping HTTP server
2023-10-18 14:38:24	[DEBUG]	/home/quangquyet/go/pkg/mod/go.uber.org/fx@v1.20.0/internal/lifecycle/lifecycle.go:303	Coming OnStop Storage
2023-10-18 14:38:28	[DEBUG]	/usr/local/go/src/runtime/asm_amd64.s:1650	App dev is running
2023-10-18 14:38:28	[DEBUG]	/usr/local/go/src/runtime/proc.go:267	Listening Signal...
2023-10-18 14:38:31	[INFO]	/var/www/shipping/kship-golang-check-price/src/present/httpui/middlewares/log.go:11	path: [/api/v4/check-price/GHTK], status: [400], method: [POST], user_agent: [PostmanRuntime/7.28.4], trace_id:[ef3221b92bf7fb97b3b84073e0e2b2f2], merchant:[]
2023-10-18 14:38:31	[WARN]	/var/www/shipping/kship-golang-check-price/src/infra/decorators/base.go:57	set redis error, err:[redis: can't marshal *domain.Shop (implement encoding.BinaryMarshaler)], trace_id:[ef3221b92bf7fb97b3b84073e0e2b2f2], merchant:[]
2023-10-18 14:38:32	[INFO]	/var/www/shipping/kship-golang-check-price/src/present/httpui/middlewares/log.go:11	path: [/api/v4/check-price/GHTK], status: [400], method: [POST], user_agent: [PostmanRuntime/7.28.4], trace_id:[71077bf9206a1e58251815793eafb6ac], merchant:[]
2023-10-18 14:38:32	[WARN]	/var/www/shipping/kship-golang-check-price/src/infra/decorators/base.go:57	set redis error, err:[redis: can't marshal *domain.Shop (implement encoding.BinaryMarshaler)], trace_id:[71077bf9206a1e58251815793eafb6ac], merchant:[]
2023-10-18 14:38:33	[INFO]	/var/www/shipping/kship-golang-check-price/src/present/httpui/middlewares/log.go:11	path: [/api/v4/check-price/GHTK], status: [400], method: [POST], user_agent: [PostmanRuntime/7.28.4], trace_id:[e87366f89c2dd4b81762cc0024bb7948], merchant:[]
2023-10-18 14:38:33	[WARN]	/var/www/shipping/kship-golang-check-price/src/infra/decorators/base.go:57	set redis error, err:[redis: can't marshal *domain.Shop (implement encoding.BinaryMarshaler)], trace_id:[e87366f89c2dd4b81762cc0024bb7948], merchant:[]
2023-10-18 14:38:34	[INFO]	/var/www/shipping/kship-golang-check-price/src/present/httpui/middlewares/log.go:11	path: [/api/v4/check-price/GHTK], status: [400], method: [POST], user_agent: [PostmanRuntime/7.28.4], trace_id:[8ec1588a16a08cb007d3c2a2e8d9069e], merchant:[]
2023-10-18 14:38:34	[WARN]	/var/www/shipping/kship-golang-check-price/src/infra/decorators/base.go:57	set redis error, err:[redis: can't marshal *domain.Shop (implement encoding.BinaryMarshaler)], trace_id:[8ec1588a16a08cb007d3c2a2e8d9069e], merchant:[]
2023-10-18 14:38:34	[INFO]	/var/www/shipping/kship-golang-check-price/src/present/httpui/middlewares/log.go:11	path: [/api/v4/check-price/GHTK], status: [400], method: [POST], user_agent: [PostmanRuntime/7.28.4], trace_id:[1e4dffa00fcbb09185bba82379a275fe], merchant:[]
2023-10-18 14:38:34	[WARN]	/var/www/shipping/kship-golang-check-price/src/infra/decorators/base.go:57	set redis error, err:[redis: can't marshal *domain.Shop (implement encoding.BinaryMarshaler)], trace_id:[1e4dffa00fcbb09185bba82379a275fe], merchant:[]
2023-10-18 14:38:35	[INFO]	/var/www/shipping/kship-golang-check-price/src/present/httpui/middlewares/log.go:11	path: [/api/v4/check-price/GHTK], status: [400], method: [POST], user_agent: [PostmanRuntime/7.28.4], trace_id:[909afe7c7a44e92bcd6c3fce3678589a], merchant:[]
2023-10-18 14:38:35	[WARN]	/var/www/shipping/kship-golang-check-price/src/infra/decorators/base.go:57	set redis error, err:[redis: can't marshal *domain.Shop (implement encoding.BinaryMarshaler)], trace_id:[909afe7c7a44e92bcd6c3fce3678589a], merchant:[]
2023-10-18 14:38:35	[INFO]	/var/www/shipping/kship-golang-check-price/src/present/httpui/middlewares/log.go:11	path: [/api/v4/check-price/GHTK], status: [400], method: [POST], user_agent: [PostmanRuntime/7.28.4], trace_id:[53dde75a061e6fd2e093d226a6a08e3c], merchant:[]
2023-10-18 14:38:35	[WARN]	/var/www/shipping/kship-golang-check-price/src/infra/decorators/base.go:57	set redis error, err:[redis: can't marshal *domain.Shop (implement encoding.BinaryMarshaler)], trace_id:[53dde75a061e6fd2e093d226a6a08e3c], merchant:[]
2023-10-18 14:38:35	[INFO]	/var/www/shipping/kship-golang-check-price/src/present/httpui/middlewares/log.go:11	path: [/api/v4/check-price/GHTK], status: [400], method: [POST], user_agent: [PostmanRuntime/7.28.4], trace_id:[53ffa4720e04c80b69cbabe7b011261d], merchant:[]
2023-10-18 14:38:35	[WARN]	/var/www/shipping/kship-golang-check-price/src/infra/decorators/base.go:57	set redis error, err:[redis: can't marshal *domain.Shop (implement encoding.BinaryMarshaler)], trace_id:[53ffa4720e04c80b69cbabe7b011261d], merchant:[]
2023-10-18 14:38:54	[INFO]	/var/www/shipping/kship-golang-check-price/src/present/httpui/middlewares/log.go:11	path: [/api/v4/check-price/GHTK], status: [400], method: [POST], user_agent: [PostmanRuntime/7.28.4], trace_id:[0fa3cf4c87461af6cba4f49c49dfc332], merchant:[]
2023-10-18 14:38:54	[WARN]	/var/www/shipping/kship-golang-check-price/src/infra/decorators/base.go:57	set redis error, err:[redis: can't marshal *domain.Shop (implement encoding.BinaryMarshaler)], trace_id:[0fa3cf4c87461af6cba4f49c49dfc332], merchant:[]
2023-10-18 14:38:55	[INFO]	/var/www/shipping/kship-golang-check-price/src/present/httpui/middlewares/log.go:11	path: [/api/v4/check-price/GHTK], status: [400], method: [POST], user_agent: [PostmanRuntime/7.28.4], trace_id:[68468c7867fa296375657d6debd0c457], merchant:[]
2023-10-18 14:38:55	[WARN]	/var/www/shipping/kship-golang-check-price/src/infra/decorators/base.go:57	set redis error, err:[redis: can't marshal *domain.Shop (implement encoding.BinaryMarshaler)], trace_id:[68468c7867fa296375657d6debd0c457], merchant:[]
2023-10-18 14:38:56	[INFO]	/var/www/shipping/kship-golang-check-price/src/present/httpui/middlewares/log.go:11	path: [/api/v4/check-price/GHTK], status: [400], method: [POST], user_agent: [PostmanRuntime/7.28.4], trace_id:[6c46342c50a5ebe57f33b4af8b50d758], merchant:[]
2023-10-18 14:38:56	[WARN]	/var/www/shipping/kship-golang-check-price/src/infra/decorators/base.go:57	set redis error, err:[redis: can't marshal *domain.Shop (implement encoding.BinaryMarshaler)], trace_id:[6c46342c50a5ebe57f33b4af8b50d758], merchant:[]
2023-10-18 14:38:56	[INFO]	/var/www/shipping/kship-golang-check-price/src/present/httpui/middlewares/log.go:11	path: [/api/v4/check-price/GHTK], status: [400], method: [POST], user_agent: [PostmanRuntime/7.28.4], trace_id:[0c188bb3c163864a568cc3ed5267b55e], merchant:[]
2023-10-18 14:38:56	[WARN]	/var/www/shipping/kship-golang-check-price/src/infra/decorators/base.go:57	set redis error, err:[redis: can't marshal *domain.Shop (implement encoding.BinaryMarshaler)], trace_id:[0c188bb3c163864a568cc3ed5267b55e], merchant:[]
2023-10-18 14:39:11	[INFO]	/usr/local/go/src/runtime/proc.go:267	Received signal: interrupt. Shutting down Server ...
2023-10-18 14:39:11	[INFO]	/home/quangquyet/go/pkg/mod/go.uber.org/fx@v1.20.0/internal/lifecycle/lifecycle.go:303	Stopping HTTP server
2023-10-18 14:39:11	[DEBUG]	/home/quangquyet/go/pkg/mod/go.uber.org/fx@v1.20.0/internal/lifecycle/lifecycle.go:303	Coming OnStop Storage
2023-10-18 14:39:14	[DEBUG]	/usr/local/go/src/runtime/asm_amd64.s:1650	App dev is running
2023-10-18 14:39:14	[DEBUG]	/usr/local/go/src/runtime/proc.go:267	Listening Signal...
2023-10-18 14:39:24	[WARN]	/var/www/shipping/kship-golang-check-price/src/infra/decorators/base.go:57	set redis error, err:[redis: can't marshal *domain.Shop (implement encoding.BinaryMarshaler)], trace_id:[396e2a671ff3b52d31dc6f4fb2ec2da8], merchant:[]
2023-10-18 14:40:10	[INFO]	/var/www/shipping/kship-golang-check-price/src/present/httpui/middlewares/log.go:11	path: [/api/v4/check-price/GHTK], status: [400], method: [POST], user_agent: [PostmanRuntime/7.28.4], trace_id:[396e2a671ff3b52d31dc6f4fb2ec2da8], merchant:[]
2023-10-18 14:40:28	[INFO]	/var/www/shipping/kship-golang-check-price/src/present/httpui/middlewares/log.go:11	path: [/api/v4/check-price/GHTK], status: [400], method: [POST], user_agent: [PostmanRuntime/7.28.4], trace_id:[0bc7998c65d806671192cad42a2eaa87], merchant:[]
2023-10-18 14:40:28	[WARN]	/var/www/shipping/kship-golang-check-price/src/infra/decorators/base.go:57	set redis error, err:[redis: can't marshal *domain.Shop (implement encoding.BinaryMarshaler)], trace_id:[0bc7998c65d806671192cad42a2eaa87], merchant:[]
2023-10-18 14:40:29	[INFO]	/var/www/shipping/kship-golang-check-price/src/present/httpui/middlewares/log.go:11	path: [/api/v4/check-price/GHTK], status: [400], method: [POST], user_agent: [PostmanRuntime/7.28.4], trace_id:[6e5e05c050cf224a3f36d782c8d4cc22], merchant:[]
2023-10-18 14:40:29	[WARN]	/var/www/shipping/kship-golang-check-price/src/infra/decorators/base.go:57	set redis error, err:[redis: can't marshal *domain.Shop (implement encoding.BinaryMarshaler)], trace_id:[6e5e05c050cf224a3f36d782c8d4cc22], merchant:[]
2023-10-18 14:40:30	[INFO]	/var/www/shipping/kship-golang-check-price/src/present/httpui/middlewares/log.go:11	path: [/api/v4/check-price/GHTK], status: [400], method: [POST], user_agent: [PostmanRuntime/7.28.4], trace_id:[72e7b5428c5cdd3df6517d20f5805cfe], merchant:[]
2023-10-18 14:40:30	[WARN]	/var/www/shipping/kship-golang-check-price/src/infra/decorators/base.go:57	set redis error, err:[redis: can't marshal *domain.Shop (implement encoding.BinaryMarshaler)], trace_id:[72e7b5428c5cdd3df6517d20f5805cfe], merchant:[]
2023-10-18 14:40:30	[INFO]	/var/www/shipping/kship-golang-check-price/src/present/httpui/middlewares/log.go:11	path: [/api/v4/check-price/GHTK], status: [400], method: [POST], user_agent: [PostmanRuntime/7.28.4], trace_id:[1d9794251143f76df0d79004b6ba9122], merchant:[]
2023-10-18 14:40:30	[WARN]	/var/www/shipping/kship-golang-check-price/src/infra/decorators/base.go:57	set redis error, err:[redis: can't marshal *domain.Shop (implement encoding.BinaryMarshaler)], trace_id:[1d9794251143f76df0d79004b6ba9122], merchant:[]
2023-10-18 14:40:31	[INFO]	/var/www/shipping/kship-golang-check-price/src/present/httpui/middlewares/log.go:11	path: [/api/v4/check-price/GHTK], status: [400], method: [POST], user_agent: [PostmanRuntime/7.28.4], trace_id:[9e4fc72ad0aea1600d9460aeaaa98469], merchant:[]
2023-10-18 14:40:31	[WARN]	/var/www/shipping/kship-golang-check-price/src/infra/decorators/base.go:57	set redis error, err:[redis: can't marshal *domain.Shop (implement encoding.BinaryMarshaler)], trace_id:[9e4fc72ad0aea1600d9460aeaaa98469], merchant:[]
2023-10-18 15:04:39	[INFO]	/var/www/shipping/kship-golang-check-price/src/present/httpui/middlewares/log.go:11	path: [/api/v4/check-price/GHTK], status: [400], method: [POST], user_agent: [PostmanRuntime/7.28.4], trace_id:[3e532f92965331c0373aefc557be404f], merchant:[]
2023-10-18 15:04:39	[WARN]	/var/www/shipping/kship-golang-check-price/src/infra/decorators/base.go:57	set redis error, err:[redis: can't marshal *domain.Shop (implement encoding.BinaryMarshaler)], trace_id:[3e532f92965331c0373aefc557be404f], merchant:[]
2023-10-18 15:04:41	[INFO]	/var/www/shipping/kship-golang-check-price/src/present/httpui/middlewares/log.go:11	path: [/api/v4/check-price/GHTK], status: [400], method: [POST], user_agent: [PostmanRuntime/7.28.4], trace_id:[41e0c2438b8da4693cb4f256ab2f98d5], merchant:[]
2023-10-18 15:04:41	[WARN]	/var/www/shipping/kship-golang-check-price/src/infra/decorators/base.go:57	set redis error, err:[redis: can't marshal *domain.Shop (implement encoding.BinaryMarshaler)], trace_id:[41e0c2438b8da4693cb4f256ab2f98d5], merchant:[]
2023-10-18 15:14:16	[INFO]	/usr/local/go/src/runtime/proc.go:267	Received signal: interrupt. Shutting down Server ...
2023-10-18 15:14:16	[INFO]	/home/quangquyet/go/pkg/mod/go.uber.org/fx@v1.20.0/internal/lifecycle/lifecycle.go:303	Stopping HTTP server
2023-10-18 15:14:16	[DEBUG]	/home/quangquyet/go/pkg/mod/go.uber.org/fx@v1.20.0/internal/lifecycle/lifecycle.go:303	Coming OnStop Storage
2023-10-18 15:14:19	[DEBUG]	/usr/local/go/src/runtime/asm_amd64.s:1650	App dev is running
2023-10-18 15:14:19	[DEBUG]	/usr/local/go/src/runtime/proc.go:267	Listening Signal...
2023-10-18 15:14:22	[INFO]	/var/www/shipping/kship-golang-check-price/src/present/httpui/middlewares/log.go:11	path: [/api/v4/check-price/GHTK], status: [400], method: [POST], user_agent: [PostmanRuntime/7.28.4], trace_id:[5edea473dd7f03f36456585ac1990f5d], merchant:[]
2023-10-18 15:14:22	[WARN]	/var/www/shipping/kship-golang-check-price/src/infra/decorators/base.go:57	set redis error, err:[redis: can't marshal *domain.Shop (implement encoding.BinaryMarshaler)], trace_id:[5edea473dd7f03f36456585ac1990f5d], merchant:[]
2023-10-18 15:14:23	[INFO]	/var/www/shipping/kship-golang-check-price/src/present/httpui/middlewares/log.go:11	path: [/api/v4/check-price/GHTK], status: [400], method: [POST], user_agent: [PostmanRuntime/7.28.4], trace_id:[953ca8b258d0bbea3bdc914e67bc421e], merchant:[]
2023-10-18 15:14:23	[WARN]	/var/www/shipping/kship-golang-check-price/src/infra/decorators/base.go:57	set redis error, err:[redis: can't marshal *domain.Shop (implement encoding.BinaryMarshaler)], trace_id:[953ca8b258d0bbea3bdc914e67bc421e], merchant:[]
2023-10-18 15:14:23	[INFO]	/var/www/shipping/kship-golang-check-price/src/present/httpui/middlewares/log.go:11	path: [/api/v4/check-price/GHTK], status: [400], method: [POST], user_agent: [PostmanRuntime/7.28.4], trace_id:[856f95436da923632c6be3fbc9cdf021], merchant:[]
2023-10-18 15:14:23	[WARN]	/var/www/shipping/kship-golang-check-price/src/infra/decorators/base.go:57	set redis error, err:[redis: can't marshal *domain.Shop (implement encoding.BinaryMarshaler)], trace_id:[856f95436da923632c6be3fbc9cdf021], merchant:[]
2023-10-18 15:14:24	[INFO]	/var/www/shipping/kship-golang-check-price/src/present/httpui/middlewares/log.go:11	path: [/api/v4/check-price/GHTK], status: [400], method: [POST], user_agent: [PostmanRuntime/7.28.4], trace_id:[451e1141ca45c558edc240636afc9808], merchant:[]
2023-10-18 15:14:24	[WARN]	/var/www/shipping/kship-golang-check-price/src/infra/decorators/base.go:57	set redis error, err:[redis: can't marshal *domain.Shop (implement encoding.BinaryMarshaler)], trace_id:[451e1141ca45c558edc240636afc9808], merchant:[]
2023-10-18 15:36:36	[INFO]	/var/www/shipping/kship-golang-check-price/src/present/httpui/middlewares/log.go:11	path: [/api/v4/check-price/GHTK], status: [400], method: [POST], user_agent: [PostmanRuntime/7.28.4], trace_id:[6daec9b287794083124a7c914396951a], merchant:[]
2023-10-18 15:36:36	[WARN]	/var/www/shipping/kship-golang-check-price/src/infra/decorators/base.go:57	set redis error, err:[redis: can't marshal *domain.Shop (implement encoding.BinaryMarshaler)], trace_id:[6daec9b287794083124a7c914396951a], merchant:[]
2023-10-18 15:36:36	[INFO]	/usr/local/go/src/runtime/proc.go:267	Received signal: interrupt. Shutting down Server ...
2023-10-18 15:36:36	[INFO]	/home/quangquyet/go/pkg/mod/go.uber.org/fx@v1.20.0/internal/lifecycle/lifecycle.go:303	Stopping HTTP server
2023-10-18 15:36:36	[DEBUG]	/home/quangquyet/go/pkg/mod/go.uber.org/fx@v1.20.0/internal/lifecycle/lifecycle.go:303	Coming OnStop Storage
2023-10-18 15:36:37	[DEBUG]	/usr/local/go/src/runtime/asm_amd64.s:1650	App dev is running
2023-10-18 15:36:37	[DEBUG]	/usr/local/go/src/runtime/proc.go:267	Listening Signal...
2023-10-18 15:50:39	[INFO]	/usr/local/go/src/runtime/proc.go:267	Received signal: interrupt. Shutting down Server ...
2023-10-18 15:50:39	[INFO]	/var/www/shipping/kship-golang-check-price/src/present/httpui/middlewares/log.go:11	path: [/api/v4/check-price/GHTK], status: [400], method: [POST], user_agent: [PostmanRuntime/7.28.4], trace_id:[29b0c15b3895d43bad29fc029be7e6af], merchant:[]
2023-10-18 15:50:39	[WARN]	/var/www/shipping/kship-golang-check-price/src/infra/decorators/base.go:57	set redis error, err:[redis: can't marshal *domain.Shop (implement encoding.BinaryMarshaler)], trace_id:[29b0c15b3895d43bad29fc029be7e6af], merchant:[]
2023-10-18 15:50:39	[INFO]	/home/quangquyet/go/pkg/mod/go.uber.org/fx@v1.20.0/internal/lifecycle/lifecycle.go:303	Stopping HTTP server
2023-10-18 15:50:39	[DEBUG]	/home/quangquyet/go/pkg/mod/go.uber.org/fx@v1.20.0/internal/lifecycle/lifecycle.go:303	Coming OnStop Storage
2023-10-18 15:50:39	[DEBUG]	/usr/local/go/src/runtime/asm_amd64.s:1650	App dev is running
2023-10-18 15:50:39	[DEBUG]	/usr/local/go/src/runtime/proc.go:267	Listening Signal...
2023-10-18 15:52:24	[INFO]	/usr/local/go/src/runtime/proc.go:267	Received signal: interrupt. Shutting down Server ...
2023-10-18 15:52:24	[INFO]	/home/quangquyet/go/pkg/mod/go.uber.org/fx@v1.20.0/internal/lifecycle/lifecycle.go:303	Stopping HTTP server
2023-10-18 15:52:24	[DEBUG]	/home/quangquyet/go/pkg/mod/go.uber.org/fx@v1.20.0/internal/lifecycle/lifecycle.go:303	Coming OnStop Storage
2023-10-18 16:09:45	[DEBUG]	/usr/local/go/src/runtime/asm_amd64.s:1650	App dev is running
2023-10-18 16:09:45	[DEBUG]	/usr/local/go/src/runtime/proc.go:267	Listening Signal...
2023-10-18 16:12:53	[INFO]	/usr/local/go/src/runtime/proc.go:267	Received signal: interrupt. Shutting down Server ...
2023-10-18 16:12:53	[INFO]	/var/www/shipping/kship-golang-check-price/src/present/httpui/middlewares/log.go:11	path: [/api/v4/check-price/GHTK], status: [500], method: [POST], user_agent: [PostmanRuntime/7.28.4], trace_id:[674310637961d6d0d1aa456872196c12], merchant:[]
2023-10-18 16:12:53	[INFO]	/home/quangquyet/go/pkg/mod/go.uber.org/fx@v1.20.0/internal/lifecycle/lifecycle.go:303	Stopping HTTP server
2023-10-18 16:12:53	[DEBUG]	/home/quangquyet/go/pkg/mod/go.uber.org/fx@v1.20.0/internal/lifecycle/lifecycle.go:303	Coming OnStop Storage
2023-10-18 16:12:55	[DEBUG]	/usr/local/go/src/runtime/asm_amd64.s:1650	App dev is running
2023-10-18 16:12:55	[DEBUG]	/usr/local/go/src/runtime/proc.go:267	Listening Signal...
2023-10-18 16:13:05	[INFO]	/usr/local/go/src/runtime/proc.go:267	Received signal: interrupt. Shutting down Server ...
2023-10-18 16:13:05	[INFO]	/home/quangquyet/go/pkg/mod/go.uber.org/fx@v1.20.0/internal/lifecycle/lifecycle.go:303	Stopping HTTP server
2023-10-18 16:13:05	[DEBUG]	/home/quangquyet/go/pkg/mod/go.uber.org/fx@v1.20.0/internal/lifecycle/lifecycle.go:303	Coming OnStop Storage
2023-10-18 16:13:08	[DEBUG]	/usr/local/go/src/runtime/asm_amd64.s:1650	App dev is running
2023-10-18 16:13:08	[DEBUG]	/usr/local/go/src/runtime/proc.go:267	Listening Signal...
2023-10-18 16:13:28	[INFO]	/var/www/shipping/kship-golang-check-price/src/present/httpui/middlewares/log.go:11	path: [/api/v4/check-price/GHTK], status: [500], method: [POST], user_agent: [PostmanRuntime/7.28.4], trace_id:[86366581829b5fc17d23cffe0376f186], merchant:[]
2023-10-18 16:13:30	[INFO]	/var/www/shipping/kship-golang-check-price/src/present/httpui/middlewares/log.go:11	path: [/api/v4/check-price/GHTK], status: [500], method: [POST], user_agent: [PostmanRuntime/7.28.4], trace_id:[01c3e7b47b8bbed7c0205ec734b136ac], merchant:[]
2023-10-18 16:13:33	[INFO]	/var/www/shipping/kship-golang-check-price/src/present/httpui/middlewares/log.go:11	path: [/api/v4/check-price/GHTK], status: [500], method: [POST], user_agent: [PostmanRuntime/7.28.4], trace_id:[c1f9a62cdef7aa940c22f5953425e06f], merchant:[]
2023-10-18 16:13:36	[INFO]	/var/www/shipping/kship-golang-check-price/src/present/httpui/middlewares/log.go:11	path: [/api/v4/check-price/GHTK], status: [500], method: [POST], user_agent: [PostmanRuntime/7.28.4], trace_id:[4420e21ee27ee4e75819b237d50c4016], merchant:[]
2023-10-18 16:13:37	[INFO]	/var/www/shipping/kship-golang-check-price/src/present/httpui/middlewares/log.go:11	path: [/api/v4/check-price/GHTK], status: [500], method: [POST], user_agent: [PostmanRuntime/7.28.4], trace_id:[34f912384cbe598f81a37bddd59e1c97], merchant:[]
2023-10-18 16:13:38	[INFO]	/var/www/shipping/kship-golang-check-price/src/present/httpui/middlewares/log.go:11	path: [/api/v4/check-price/GHTK], status: [500], method: [POST], user_agent: [PostmanRuntime/7.28.4], trace_id:[1262b842c24d3daf3b94d7f7914ac517], merchant:[]
2023-10-18 16:13:38	[INFO]	/var/www/shipping/kship-golang-check-price/src/present/httpui/middlewares/log.go:11	path: [/api/v4/check-price/GHTK], status: [500], method: [POST], user_agent: [PostmanRuntime/7.28.4], trace_id:[ecd2a65a3d5924afda8eca297064492b], merchant:[]
2023-10-18 16:13:39	[INFO]	/var/www/shipping/kship-golang-check-price/src/present/httpui/middlewares/log.go:11	path: [/api/v4/check-price/GHTK], status: [500], method: [POST], user_agent: [PostmanRuntime/7.28.4], trace_id:[21be50fa4caf2673f34bfa9477560fee], merchant:[]
2023-10-18 16:13:40	[INFO]	/var/www/shipping/kship-golang-check-price/src/present/httpui/middlewares/log.go:11	path: [/api/v4/check-price/GHTK], status: [500], method: [POST], user_agent: [PostmanRuntime/7.28.4], trace_id:[68ccad18c8236cf8c1405d26c3ef8b6b], merchant:[]
2023-10-18 16:13:41	[INFO]	/var/www/shipping/kship-golang-check-price/src/present/httpui/middlewares/log.go:11	path: [/api/v4/check-price/GHTK], status: [500], method: [POST], user_agent: [PostmanRuntime/7.28.4], trace_id:[f5fc160f989dde3b1ab70cc11fe62e11], merchant:[]
2023-10-18 16:13:52	[INFO]	/usr/local/go/src/runtime/proc.go:267	Received signal: interrupt. Shutting down Server ...
2023-10-18 16:13:52	[INFO]	/home/quangquyet/go/pkg/mod/go.uber.org/fx@v1.20.0/internal/lifecycle/lifecycle.go:303	Stopping HTTP server
2023-10-18 16:13:52	[DEBUG]	/home/quangquyet/go/pkg/mod/go.uber.org/fx@v1.20.0/internal/lifecycle/lifecycle.go:303	Coming OnStop Storage
2023-10-18 16:13:53	[DEBUG]	/usr/local/go/src/runtime/asm_amd64.s:1650	App dev is running
2023-10-18 16:13:53	[DEBUG]	/usr/local/go/src/runtime/proc.go:267	Listening Signal...
2023-10-18 16:17:05	[INFO]	/var/www/shipping/kship-golang-check-price/src/present/httpui/middlewares/log.go:11	path: [/api/v4/check-price/GHTK], status: [500], method: [POST], user_agent: [PostmanRuntime/7.28.4], trace_id:[99139ad332885115edfef2efc1443adc], merchant:[]
2023-10-18 16:17:05	[INFO]	/usr/local/go/src/runtime/proc.go:267	Received signal: interrupt. Shutting down Server ...
2023-10-18 16:17:05	[INFO]	/home/quangquyet/go/pkg/mod/go.uber.org/fx@v1.20.0/internal/lifecycle/lifecycle.go:303	Stopping HTTP server
2023-10-18 16:17:05	[DEBUG]	/home/quangquyet/go/pkg/mod/go.uber.org/fx@v1.20.0/internal/lifecycle/lifecycle.go:303	Coming OnStop Storage
2023-10-18 16:17:47	[DEBUG]	/usr/local/go/src/runtime/asm_amd64.s:1650	App dev is running
2023-10-18 16:17:47	[DEBUG]	/usr/local/go/src/runtime/proc.go:267	Listening Signal...
2023-10-18 17:11:39	[INFO]	/usr/local/go/src/runtime/proc.go:267	Received signal: interrupt. Shutting down Server ...
2023-10-18 17:11:39	[INFO]	/home/quangquyet/go/pkg/mod/go.uber.org/fx@v1.20.0/internal/lifecycle/lifecycle.go:303	Stopping HTTP server
2023-10-18 17:11:39	[DEBUG]	/home/quangquyet/go/pkg/mod/go.uber.org/fx@v1.20.0/internal/lifecycle/lifecycle.go:303	Coming OnStop Storage
2023-10-18 17:11:41	[DEBUG]	/usr/local/go/src/runtime/asm_amd64.s:1650	App dev is running
2023-10-18 17:11:41	[DEBUG]	/usr/local/go/src/runtime/proc.go:267	Listening Signal...
2023-10-18 17:13:11	[INFO]	/usr/local/go/src/runtime/proc.go:267	Received signal: interrupt. Shutting down Server ...
2023-10-18 17:13:11	[INFO]	/home/quangquyet/go/pkg/mod/go.uber.org/fx@v1.20.0/internal/lifecycle/lifecycle.go:303	Stopping HTTP server
2023-10-18 17:13:11	[DEBUG]	/home/quangquyet/go/pkg/mod/go.uber.org/fx@v1.20.0/internal/lifecycle/lifecycle.go:303	Coming OnStop Storage
2023-10-18 17:13:13	[DEBUG]	/usr/local/go/src/runtime/asm_amd64.s:1650	App dev is running
2023-10-18 17:13:13	[DEBUG]	/usr/local/go/src/runtime/proc.go:267	Listening Signal...
2023-10-18 17:23:21	[WARN]	/var/www/shipping/kship-golang-check-price/src/infra/decorators/base.go:57	set redis error, err:[redis: can't marshal *domain.Shop (implement encoding.BinaryMarshaler)], trace_id:[14b274fef059e7acd261668d1dfea6ba], merchant:[]
2023-10-18 17:23:21	[INFO]	/var/www/shipping/kship-golang-check-price/src/present/httpui/middlewares/log.go:11	path: [/api/v4/check-price/GHTK], status: [400], method: [POST], user_agent: [PostmanRuntime/7.28.4], trace_id:[14b274fef059e7acd261668d1dfea6ba], merchant:[]
2023-10-18 17:23:21	[INFO]	/usr/local/go/src/runtime/proc.go:267	Received signal: interrupt. Shutting down Server ...
2023-10-18 17:23:21	[INFO]	/home/quangquyet/go/pkg/mod/go.uber.org/fx@v1.20.0/internal/lifecycle/lifecycle.go:303	Stopping HTTP server
2023-10-18 17:23:21	[DEBUG]	/home/quangquyet/go/pkg/mod/go.uber.org/fx@v1.20.0/internal/lifecycle/lifecycle.go:303	Coming OnStop Storage
2023-10-18 17:23:26	[DEBUG]	/usr/local/go/src/runtime/asm_amd64.s:1650	App dev is running
2023-10-18 17:23:26	[DEBUG]	/usr/local/go/src/runtime/proc.go:267	Listening Signal...
2023-10-18 17:28:40	[INFO]	/usr/local/go/src/runtime/proc.go:267	Received signal: interrupt. Shutting down Server ...
2023-10-18 17:28:40	[INFO]	/home/quangquyet/go/pkg/mod/go.uber.org/fx@v1.20.0/internal/lifecycle/lifecycle.go:303	Stopping HTTP server
2023-10-18 17:28:40	[DEBUG]	/home/quangquyet/go/pkg/mod/go.uber.org/fx@v1.20.0/internal/lifecycle/lifecycle.go:303	Coming OnStop Storage
2023-10-18 17:28:44	[DEBUG]	/usr/local/go/src/runtime/asm_amd64.s:1650	App dev is running
2023-10-18 17:28:44	[DEBUG]	/usr/local/go/src/runtime/proc.go:267	Listening Signal...
2023-10-18 17:43:59	[INFO]	/usr/local/go/src/runtime/proc.go:267	Received signal: interrupt. Shutting down Server ...
2023-10-18 17:43:59	[INFO]	/var/www/shipping/kship-golang-check-price/src/present/httpui/middlewares/log.go:11	path: [/api/v4/check-price/GHTK], status: [400], method: [POST], user_agent: [PostmanRuntime/7.28.4], trace_id:[2f092d7f6ab162439d2b715c7df27092], merchant:[]
2023-10-18 17:43:59	[WARN]	/var/www/shipping/kship-golang-check-price/src/infra/decorators/base.go:57	set redis error, err:[redis: can't marshal *domain.Shop (implement encoding.BinaryMarshaler)], trace_id:[2f092d7f6ab162439d2b715c7df27092], merchant:[]
2023-10-18 17:43:59	[INFO]	/home/quangquyet/go/pkg/mod/go.uber.org/fx@v1.20.0/internal/lifecycle/lifecycle.go:303	Stopping HTTP server
2023-10-18 17:43:59	[DEBUG]	/home/quangquyet/go/pkg/mod/go.uber.org/fx@v1.20.0/internal/lifecycle/lifecycle.go:303	Coming OnStop Storage
2023-10-18 17:44:02	[DEBUG]	/usr/local/go/src/runtime/asm_amd64.s:1650	App dev is running
2023-10-18 17:44:02	[DEBUG]	/usr/local/go/src/runtime/proc.go:267	Listening Signal...
2023-10-18 17:45:25	[INFO]	/usr/local/go/src/runtime/proc.go:267	Received signal: interrupt. Shutting down Server ...
2023-10-18 17:45:25	[INFO]	/home/quangquyet/go/pkg/mod/go.uber.org/fx@v1.20.0/internal/lifecycle/lifecycle.go:303	Stopping HTTP server
2023-10-18 17:45:25	[DEBUG]	/home/quangquyet/go/pkg/mod/go.uber.org/fx@v1.20.0/internal/lifecycle/lifecycle.go:303	Coming OnStop Storage
2023-10-18 17:45:27	[DEBUG]	/usr/local/go/src/runtime/asm_amd64.s:1650	App dev is running
2023-10-18 17:45:27	[DEBUG]	/usr/local/go/src/runtime/proc.go:267	Listening Signal...
2023-10-18 17:45:28	[DEBUG]	/usr/local/go/src/runtime/asm_amd64.s:1650	App dev is running
2023-10-18 17:45:28	[DEBUG]	/usr/local/go/src/runtime/proc.go:267	Listening Signal...
2023-10-18 17:45:28	[FATAL]	Cannot start application due by error [listen tcp :3456: bind: address already in use]
2023-10-18 17:45:31	[WARN]	/var/www/shipping/kship-golang-check-price/src/infra/decorators/base.go:57	set redis error, err:[redis: can't marshal *domain.Shop (implement encoding.BinaryMarshaler)], trace_id:[6bc8b124fa58e5b5a69ef54b2d15ece6], merchant:[]
2023-10-18 17:45:31	[WARN]	/var/www/shipping/kship-golang-check-price/src/infra/decorators/base.go:57	set redis error, err:[redis: can't marshal *domain.Client (implement encoding.BinaryMarshaler)], trace_id:[6bc8b124fa58e5b5a69ef54b2d15ece6], merchant:[]
2023-10-18 17:45:31	[WARN]	/var/www/shipping/kship-golang-check-price/src/infra/decorators/base.go:57	set redis error, err:[redis: can't marshal []*domain.SettingShop (implement encoding.BinaryMarshaler)], trace_id:[6bc8b124fa58e5b5a69ef54b2d15ece6], merchant:[]
2023-10-18 17:45:31	[WARN]	/var/www/shipping/kship-golang-check-price/src/infra/decorators/base.go:57	set redis error, err:[redis: can't marshal *domain.District (implement encoding.BinaryMarshaler)], trace_id:[6bc8b124fa58e5b5a69ef54b2d15ece6], merchant:[]
2023-10-18 17:45:31	[WARN]	/var/www/shipping/kship-golang-check-price/src/infra/decorators/base.go:57	set redis error, err:[redis: can't marshal *domain.District (implement encoding.BinaryMarshaler)], trace_id:[6bc8b124fa58e5b5a69ef54b2d15ece6], merchant:[]
2023-10-18 17:45:31	[WARN]	/var/www/shipping/kship-golang-check-price/src/infra/decorators/base.go:57	set redis error, err:[redis: can't marshal *domain.Ward (implement encoding.BinaryMarshaler)], trace_id:[6bc8b124fa58e5b5a69ef54b2d15ece6], merchant:[]
2023-10-18 17:45:31	[WARN]	/var/www/shipping/kship-golang-check-price/src/infra/decorators/base.go:57	set redis error, err:[redis: can't marshal *domain.Ward (implement encoding.BinaryMarshaler)], trace_id:[6bc8b124fa58e5b5a69ef54b2d15ece6], merchant:[]
2023-10-18 17:45:31	[WARN]	/var/www/shipping/kship-golang-check-price/src/infra/decorators/base.go:57	set redis error, err:[redis: can't marshal []*domain.Service (implement encoding.BinaryMarshaler)], trace_id:[6bc8b124fa58e5b5a69ef54b2d15ece6], merchant:[]
2023-10-18 17:45:31	[INFO]	/var/www/shipping/kship-golang-check-price/src/present/httpui/middlewares/log.go:11	path: [/api/v4/check-price/GHTK], status: [400], method: [POST], user_agent: [PostmanRuntime/7.28.4], trace_id:[6bc8b124fa58e5b5a69ef54b2d15ece6], merchant:[]
2023-10-18 17:45:31	[WARN]	/var/www/shipping/kship-golang-check-price/src/infra/decorators/base.go:57	set redis error, err:[redis: can't marshal []*domain.Service (implement encoding.BinaryMarshaler)], trace_id:[6bc8b124fa58e5b5a69ef54b2d15ece6], merchant:[]
2023-10-18 17:45:34	[WARN]	/var/www/shipping/kship-golang-check-price/src/infra/decorators/base.go:57	set redis error, err:[redis: can't marshal *domain.Shop (implement encoding.BinaryMarshaler)], trace_id:[16f1b3727c1ab42fd80e6f526043cfda], merchant:[]
2023-10-18 17:45:34	[WARN]	/var/www/shipping/kship-golang-check-price/src/infra/decorators/base.go:57	set redis error, err:[redis: can't marshal *domain.Client (implement encoding.BinaryMarshaler)], trace_id:[16f1b3727c1ab42fd80e6f526043cfda], merchant:[]
2023-10-18 17:45:34	[WARN]	/var/www/shipping/kship-golang-check-price/src/infra/decorators/base.go:57	set redis error, err:[redis: can't marshal []*domain.SettingShop (implement encoding.BinaryMarshaler)], trace_id:[16f1b3727c1ab42fd80e6f526043cfda], merchant:[]
2023-10-18 17:45:34	[WARN]	/var/www/shipping/kship-golang-check-price/src/infra/decorators/base.go:57	set redis error, err:[redis: can't marshal *domain.District (implement encoding.BinaryMarshaler)], trace_id:[16f1b3727c1ab42fd80e6f526043cfda], merchant:[]
2023-10-18 17:45:34	[WARN]	/var/www/shipping/kship-golang-check-price/src/infra/decorators/base.go:57	set redis error, err:[redis: can't marshal *domain.District (implement encoding.BinaryMarshaler)], trace_id:[16f1b3727c1ab42fd80e6f526043cfda], merchant:[]
2023-10-18 17:45:34	[WARN]	/var/www/shipping/kship-golang-check-price/src/infra/decorators/base.go:57	set redis error, err:[redis: can't marshal *domain.Ward (implement encoding.BinaryMarshaler)], trace_id:[16f1b3727c1ab42fd80e6f526043cfda], merchant:[]
2023-10-18 17:45:34	[WARN]	/var/www/shipping/kship-golang-check-price/src/infra/decorators/base.go:57	set redis error, err:[redis: can't marshal *domain.Ward (implement encoding.BinaryMarshaler)], trace_id:[16f1b3727c1ab42fd80e6f526043cfda], merchant:[]
2023-10-18 17:45:34	[WARN]	/var/www/shipping/kship-golang-check-price/src/infra/decorators/base.go:57	set redis error, err:[redis: can't marshal []*domain.Service (implement encoding.BinaryMarshaler)], trace_id:[16f1b3727c1ab42fd80e6f526043cfda], merchant:[]
2023-10-18 17:45:34	[INFO]	/var/www/shipping/kship-golang-check-price/src/present/httpui/middlewares/log.go:11	path: [/api/v4/check-price/GHTK], status: [400], method: [POST], user_agent: [PostmanRuntime/7.28.4], trace_id:[16f1b3727c1ab42fd80e6f526043cfda], merchant:[]
2023-10-18 17:45:34	[WARN]	/var/www/shipping/kship-golang-check-price/src/infra/decorators/base.go:57	set redis error, err:[redis: can't marshal []*domain.Service (implement encoding.BinaryMarshaler)], trace_id:[16f1b3727c1ab42fd80e6f526043cfda], merchant:[]
2023-10-18 17:46:43	[WARN]	/var/www/shipping/kship-golang-check-price/src/infra/decorators/base.go:57	set redis error, err:[redis: can't marshal *domain.Shop (implement encoding.BinaryMarshaler)], trace_id:[9d4364d1732edc3d8a850e2897cce5ed], merchant:[]
2023-10-18 17:46:43	[WARN]	/var/www/shipping/kship-golang-check-price/src/infra/decorators/base.go:57	set redis error, err:[redis: can't marshal *domain.Client (implement encoding.BinaryMarshaler)], trace_id:[9d4364d1732edc3d8a850e2897cce5ed], merchant:[]
2023-10-18 17:46:43	[WARN]	/var/www/shipping/kship-golang-check-price/src/infra/decorators/base.go:57	set redis error, err:[redis: can't marshal []*domain.SettingShop (implement encoding.BinaryMarshaler)], trace_id:[9d4364d1732edc3d8a850e2897cce5ed], merchant:[]
2023-10-18 17:46:43	[WARN]	/var/www/shipping/kship-golang-check-price/src/infra/decorators/base.go:57	set redis error, err:[redis: can't marshal *domain.District (implement encoding.BinaryMarshaler)], trace_id:[9d4364d1732edc3d8a850e2897cce5ed], merchant:[]
2023-10-18 17:46:43	[WARN]	/var/www/shipping/kship-golang-check-price/src/infra/decorators/base.go:57	set redis error, err:[redis: can't marshal *domain.District (implement encoding.BinaryMarshaler)], trace_id:[9d4364d1732edc3d8a850e2897cce5ed], merchant:[]
2023-10-18 17:46:43	[WARN]	/var/www/shipping/kship-golang-check-price/src/infra/decorators/base.go:57	set redis error, err:[redis: can't marshal *domain.Ward (implement encoding.BinaryMarshaler)], trace_id:[9d4364d1732edc3d8a850e2897cce5ed], merchant:[]
2023-10-18 17:46:43	[WARN]	/var/www/shipping/kship-golang-check-price/src/infra/decorators/base.go:57	set redis error, err:[redis: can't marshal *domain.Ward (implement encoding.BinaryMarshaler)], trace_id:[9d4364d1732edc3d8a850e2897cce5ed], merchant:[]
2023-10-18 17:46:43	[WARN]	/var/www/shipping/kship-golang-check-price/src/infra/decorators/base.go:57	set redis error, err:[redis: can't marshal []*domain.Service (implement encoding.BinaryMarshaler)], trace_id:[9d4364d1732edc3d8a850e2897cce5ed], merchant:[]
2023-10-18 17:46:43	[INFO]	/var/www/shipping/kship-golang-check-price/src/present/httpui/middlewares/log.go:11	path: [/api/v4/check-price/GHTK], status: [400], method: [POST], user_agent: [PostmanRuntime/7.28.4], trace_id:[9d4364d1732edc3d8a850e2897cce5ed], merchant:[]
2023-10-18 17:46:43	[WARN]	/var/www/shipping/kship-golang-check-price/src/infra/decorators/base.go:57	set redis error, err:[redis: can't marshal []*domain.Service (implement encoding.BinaryMarshaler)], trace_id:[9d4364d1732edc3d8a850e2897cce5ed], merchant:[]
2023-10-18 17:46:48	[INFO]	/usr/local/go/src/runtime/proc.go:267	Received signal: interrupt. Shutting down Server ...
2023-10-18 17:46:48	[INFO]	/home/quangquyet/go/pkg/mod/go.uber.org/fx@v1.20.0/internal/lifecycle/lifecycle.go:303	Stopping HTTP server
2023-10-18 17:46:48	[DEBUG]	/home/quangquyet/go/pkg/mod/go.uber.org/fx@v1.20.0/internal/lifecycle/lifecycle.go:303	Coming OnStop Storage
2023-10-18 17:47:38	[DEBUG]	/usr/local/go/src/runtime/asm_amd64.s:1650	App dev is running
2023-10-18 17:47:38	[DEBUG]	/usr/local/go/src/runtime/proc.go:267	Listening Signal...
2023-10-18 17:47:40	[WARN]	/var/www/shipping/kship-golang-check-price/src/infra/decorators/base.go:57	set redis error, err:[redis: can't marshal *domain.Shop (implement encoding.BinaryMarshaler)], trace_id:[80e02d1e99d85b6fe41401e20b6ce757], merchant:[]
2023-10-18 17:47:40	[WARN]	/var/www/shipping/kship-golang-check-price/src/infra/decorators/base.go:57	set redis error, err:[redis: can't marshal *domain.Client (implement encoding.BinaryMarshaler)], trace_id:[80e02d1e99d85b6fe41401e20b6ce757], merchant:[]
2023-10-18 17:47:40	[WARN]	/var/www/shipping/kship-golang-check-price/src/infra/decorators/base.go:57	set redis error, err:[redis: can't marshal []*domain.SettingShop (implement encoding.BinaryMarshaler)], trace_id:[80e02d1e99d85b6fe41401e20b6ce757], merchant:[]
2023-10-18 17:47:40	[WARN]	/var/www/shipping/kship-golang-check-price/src/infra/decorators/base.go:57	set redis error, err:[redis: can't marshal *domain.District (implement encoding.BinaryMarshaler)], trace_id:[80e02d1e99d85b6fe41401e20b6ce757], merchant:[]
2023-10-18 17:47:40	[WARN]	/var/www/shipping/kship-golang-check-price/src/infra/decorators/base.go:57	set redis error, err:[redis: can't marshal *domain.District (implement encoding.BinaryMarshaler)], trace_id:[80e02d1e99d85b6fe41401e20b6ce757], merchant:[]
2023-10-18 17:47:40	[WARN]	/var/www/shipping/kship-golang-check-price/src/infra/decorators/base.go:57	set redis error, err:[redis: can't marshal *domain.Ward (implement encoding.BinaryMarshaler)], trace_id:[80e02d1e99d85b6fe41401e20b6ce757], merchant:[]
2023-10-18 18:02:26	[WARN]	/var/www/shipping/kship-golang-check-price/src/infra/decorators/base.go:57	set redis error, err:[redis: can't marshal *domain.Ward (implement encoding.BinaryMarshaler)], trace_id:[80e02d1e99d85b6fe41401e20b6ce757], merchant:[]
2023-10-18 18:02:26	[INFO]	/usr/local/go/src/runtime/proc.go:267	Received signal: interrupt. Shutting down Server ...
2023-10-18 18:02:26	[INFO]	/home/quangquyet/go/pkg/mod/go.uber.org/fx@v1.20.0/internal/lifecycle/lifecycle.go:303	Stopping HTTP server
2023-10-18 18:02:26	[DEBUG]	/home/quangquyet/go/pkg/mod/go.uber.org/fx@v1.20.0/internal/lifecycle/lifecycle.go:303	Coming OnStop Storage
2023-10-18 18:02:27	[DEBUG]	/usr/local/go/src/runtime/asm_amd64.s:1650	App dev is running
2023-10-18 18:02:27	[DEBUG]	/usr/local/go/src/runtime/proc.go:267	Listening Signal...
2023-10-18 18:05:58	[INFO]	/usr/local/go/src/runtime/proc.go:267	Received signal: interrupt. Shutting down Server ...
2023-10-18 18:05:58	[INFO]	/home/quangquyet/go/pkg/mod/go.uber.org/fx@v1.20.0/internal/lifecycle/lifecycle.go:303	Stopping HTTP server
2023-10-18 18:05:58	[DEBUG]	/home/quangquyet/go/pkg/mod/go.uber.org/fx@v1.20.0/internal/lifecycle/lifecycle.go:303	Coming OnStop Storage
2023-10-18 18:06:01	[DEBUG]	/usr/local/go/src/runtime/asm_amd64.s:1650	App dev is running
2023-10-18 18:06:01	[DEBUG]	/usr/local/go/src/runtime/proc.go:267	Listening Signal...
2023-10-18 18:06:04	[WARN]	/var/www/shipping/kship-golang-check-price/src/infra/decorators/base.go:57	set redis error, err:[redis: can't marshal *domain.Shop (implement encoding.BinaryMarshaler)], trace_id:[e7028d2fce0ea38e72878de13ff5f370], merchant:[]
2023-10-18 18:06:04	[WARN]	/var/www/shipping/kship-golang-check-price/src/infra/decorators/base.go:57	set redis error, err:[redis: can't marshal *domain.Client (implement encoding.BinaryMarshaler)], trace_id:[e7028d2fce0ea38e72878de13ff5f370], merchant:[]
2023-10-18 18:06:04	[WARN]	/var/www/shipping/kship-golang-check-price/src/infra/decorators/base.go:57	set redis error, err:[redis: can't marshal []*domain.SettingShop (implement encoding.BinaryMarshaler)], trace_id:[e7028d2fce0ea38e72878de13ff5f370], merchant:[]
2023-10-18 18:06:04	[WARN]	/var/www/shipping/kship-golang-check-price/src/infra/decorators/base.go:57	set redis error, err:[redis: can't marshal *domain.District (implement encoding.BinaryMarshaler)], trace_id:[e7028d2fce0ea38e72878de13ff5f370], merchant:[]
2023-10-18 18:06:04	[WARN]	/var/www/shipping/kship-golang-check-price/src/infra/decorators/base.go:57	set redis error, err:[redis: can't marshal *domain.District (implement encoding.BinaryMarshaler)], trace_id:[e7028d2fce0ea38e72878de13ff5f370], merchant:[]
2023-10-18 18:06:04	[WARN]	/var/www/shipping/kship-golang-check-price/src/infra/decorators/base.go:57	set redis error, err:[redis: can't marshal *domain.Ward (implement encoding.BinaryMarshaler)], trace_id:[e7028d2fce0ea38e72878de13ff5f370], merchant:[]
2023-10-18 18:06:11	[WARN]	/var/www/shipping/kship-golang-check-price/src/infra/decorators/base.go:57	set redis error, err:[redis: can't marshal *domain.Ward (implement encoding.BinaryMarshaler)], trace_id:[e7028d2fce0ea38e72878de13ff5f370], merchant:[]
2023-10-18 18:06:33	[WARN]	/var/www/shipping/kship-golang-check-price/src/infra/decorators/base.go:57	set redis error, err:[redis: can't marshal []*domain.Service (implement encoding.BinaryMarshaler)], trace_id:[e7028d2fce0ea38e72878de13ff5f370], merchant:[]
2023-10-18 18:06:33	[INFO]	/var/www/shipping/kship-golang-check-price/src/present/httpui/middlewares/log.go:11	path: [/api/v4/check-price/GHTK], status: [400], method: [POST], user_agent: [PostmanRuntime/7.28.4], trace_id:[e7028d2fce0ea38e72878de13ff5f370], merchant:[]
2023-10-18 18:06:33	[WARN]	/var/www/shipping/kship-golang-check-price/src/infra/decorators/base.go:57	set redis error, err:[redis: can't marshal []*domain.Service (implement encoding.BinaryMarshaler)], trace_id:[e7028d2fce0ea38e72878de13ff5f370], merchant:[]
2023-10-18 18:22:47	[WARN]	/var/www/shipping/kship-golang-check-price/src/infra/decorators/base.go:57	set redis error, err:[redis: can't marshal *domain.Shop (implement encoding.BinaryMarshaler)], trace_id:[df3dc32494e6bc3b1b059ef8ab166662], merchant:[]
2023-10-18 18:22:47	[WARN]	/var/www/shipping/kship-golang-check-price/src/infra/decorators/base.go:57	set redis error, err:[redis: can't marshal *domain.Client (implement encoding.BinaryMarshaler)], trace_id:[df3dc32494e6bc3b1b059ef8ab166662], merchant:[]
2023-10-18 18:22:47	[WARN]	/var/www/shipping/kship-golang-check-price/src/infra/decorators/base.go:57	set redis error, err:[redis: can't marshal []*domain.SettingShop (implement encoding.BinaryMarshaler)], trace_id:[df3dc32494e6bc3b1b059ef8ab166662], merchant:[]
2023-10-18 18:22:47	[WARN]	/var/www/shipping/kship-golang-check-price/src/infra/decorators/base.go:57	set redis error, err:[redis: can't marshal *domain.District (implement encoding.BinaryMarshaler)], trace_id:[df3dc32494e6bc3b1b059ef8ab166662], merchant:[]
2023-10-18 18:22:47	[WARN]	/var/www/shipping/kship-golang-check-price/src/infra/decorators/base.go:57	set redis error, err:[redis: can't marshal *domain.District (implement encoding.BinaryMarshaler)], trace_id:[df3dc32494e6bc3b1b059ef8ab166662], merchant:[]
2023-10-18 18:22:47	[WARN]	/var/www/shipping/kship-golang-check-price/src/infra/decorators/base.go:57	set redis error, err:[redis: can't marshal *domain.Ward (implement encoding.BinaryMarshaler)], trace_id:[df3dc32494e6bc3b1b059ef8ab166662], merchant:[]
2023-10-18 18:23:03	[WARN]	/var/www/shipping/kship-golang-check-price/src/infra/decorators/base.go:57	set redis error, err:[redis: can't marshal *domain.Ward (implement encoding.BinaryMarshaler)], trace_id:[df3dc32494e6bc3b1b059ef8ab166662], merchant:[]
2023-10-18 18:23:05	[WARN]	/var/www/shipping/kship-golang-check-price/src/infra/decorators/base.go:57	set redis error, err:[redis: can't marshal []*domain.Service (implement encoding.BinaryMarshaler)], trace_id:[df3dc32494e6bc3b1b059ef8ab166662], merchant:[]
2023-10-18 18:23:06	[INFO]	/var/www/shipping/kship-golang-check-price/src/present/httpui/middlewares/log.go:11	path: [/api/v4/check-price/GHTK], status: [400], method: [POST], user_agent: [PostmanRuntime/7.28.4], trace_id:[df3dc32494e6bc3b1b059ef8ab166662], merchant:[]
2023-10-18 18:23:06	[WARN]	/var/www/shipping/kship-golang-check-price/src/infra/decorators/base.go:57	set redis error, err:[redis: can't marshal []*domain.Service (implement encoding.BinaryMarshaler)], trace_id:[df3dc32494e6bc3b1b059ef8ab166662], merchant:[]
2023-10-18 18:25:46	[INFO]	/usr/local/go/src/runtime/proc.go:267	Received signal: interrupt. Shutting down Server ...
2023-10-18 18:25:46	[INFO]	/home/quangquyet/go/pkg/mod/go.uber.org/fx@v1.20.0/internal/lifecycle/lifecycle.go:303	Stopping HTTP server
2023-10-18 18:25:46	[DEBUG]	/home/quangquyet/go/pkg/mod/go.uber.org/fx@v1.20.0/internal/lifecycle/lifecycle.go:303	Coming OnStop Storage
2023-10-18 18:25:48	[DEBUG]	/usr/local/go/src/runtime/asm_amd64.s:1650	App dev is running
2023-10-18 18:25:48	[DEBUG]	/usr/local/go/src/runtime/proc.go:267	Listening Signal...
2023-10-18 18:25:50	[WARN]	/var/www/shipping/kship-golang-check-price/src/infra/decorators/base.go:57	set redis error, err:[redis: can't marshal *domain.Shop (implement encoding.BinaryMarshaler)], trace_id:[77dc35b6afe8227cf7b752a5b0af2d2e], merchant:[]
2023-10-18 18:25:50	[WARN]	/var/www/shipping/kship-golang-check-price/src/infra/decorators/base.go:57	set redis error, err:[redis: can't marshal *domain.Client (implement encoding.BinaryMarshaler)], trace_id:[77dc35b6afe8227cf7b752a5b0af2d2e], merchant:[]
2023-10-18 18:25:50	[WARN]	/var/www/shipping/kship-golang-check-price/src/infra/decorators/base.go:57	set redis error, err:[redis: can't marshal []*domain.SettingShop (implement encoding.BinaryMarshaler)], trace_id:[77dc35b6afe8227cf7b752a5b0af2d2e], merchant:[]
2023-10-18 18:25:50	[WARN]	/var/www/shipping/kship-golang-check-price/src/infra/decorators/base.go:57	set redis error, err:[redis: can't marshal *domain.District (implement encoding.BinaryMarshaler)], trace_id:[77dc35b6afe8227cf7b752a5b0af2d2e], merchant:[]
2023-10-18 18:25:50	[WARN]	/var/www/shipping/kship-golang-check-price/src/infra/decorators/base.go:57	set redis error, err:[redis: can't marshal *domain.District (implement encoding.BinaryMarshaler)], trace_id:[77dc35b6afe8227cf7b752a5b0af2d2e], merchant:[]
2023-10-18 18:25:50	[WARN]	/var/www/shipping/kship-golang-check-price/src/infra/decorators/base.go:57	set redis error, err:[redis: can't marshal *domain.Ward (implement encoding.BinaryMarshaler)], trace_id:[77dc35b6afe8227cf7b752a5b0af2d2e], merchant:[]
2023-10-18 18:25:50	[WARN]	/var/www/shipping/kship-golang-check-price/src/infra/decorators/base.go:57	set redis error, err:[redis: can't marshal *domain.Ward (implement encoding.BinaryMarshaler)], trace_id:[77dc35b6afe8227cf7b752a5b0af2d2e], merchant:[]
2023-10-18 18:25:50	[WARN]	/var/www/shipping/kship-golang-check-price/src/infra/decorators/base.go:57	set redis error, err:[redis: can't marshal []*domain.Service (implement encoding.BinaryMarshaler)], trace_id:[77dc35b6afe8227cf7b752a5b0af2d2e], merchant:[]
2023-10-18 18:25:50	[INFO]	/var/www/shipping/kship-golang-check-price/src/present/httpui/middlewares/log.go:11	path: [/api/v4/check-price/GHTK], status: [400], method: [POST], user_agent: [PostmanRuntime/7.28.4], trace_id:[77dc35b6afe8227cf7b752a5b0af2d2e], merchant:[]
2023-10-18 18:25:50	[WARN]	/var/www/shipping/kship-golang-check-price/src/infra/decorators/base.go:57	set redis error, err:[redis: can't marshal []*domain.Service (implement encoding.BinaryMarshaler)], trace_id:[77dc35b6afe8227cf7b752a5b0af2d2e], merchant:[]
2023-10-18 18:25:51	[WARN]	/var/www/shipping/kship-golang-check-price/src/infra/decorators/base.go:57	set redis error, err:[redis: can't marshal *domain.Shop (implement encoding.BinaryMarshaler)], trace_id:[c1fda83f500a8175c2c1c7693bc98ec8], merchant:[]
2023-10-18 18:25:51	[WARN]	/var/www/shipping/kship-golang-check-price/src/infra/decorators/base.go:57	set redis error, err:[redis: can't marshal *domain.Client (implement encoding.BinaryMarshaler)], trace_id:[c1fda83f500a8175c2c1c7693bc98ec8], merchant:[]
2023-10-18 18:25:51	[WARN]	/var/www/shipping/kship-golang-check-price/src/infra/decorators/base.go:57	set redis error, err:[redis: can't marshal []*domain.SettingShop (implement encoding.BinaryMarshaler)], trace_id:[c1fda83f500a8175c2c1c7693bc98ec8], merchant:[]
2023-10-18 18:25:51	[WARN]	/var/www/shipping/kship-golang-check-price/src/infra/decorators/base.go:57	set redis error, err:[redis: can't marshal *domain.District (implement encoding.BinaryMarshaler)], trace_id:[c1fda83f500a8175c2c1c7693bc98ec8], merchant:[]
2023-10-18 18:25:51	[WARN]	/var/www/shipping/kship-golang-check-price/src/infra/decorators/base.go:57	set redis error, err:[redis: can't marshal *domain.District (implement encoding.BinaryMarshaler)], trace_id:[c1fda83f500a8175c2c1c7693bc98ec8], merchant:[]
2023-10-18 18:25:51	[WARN]	/var/www/shipping/kship-golang-check-price/src/infra/decorators/base.go:57	set redis error, err:[redis: can't marshal *domain.Ward (implement encoding.BinaryMarshaler)], trace_id:[c1fda83f500a8175c2c1c7693bc98ec8], merchant:[]
2023-10-18 18:25:51	[WARN]	/var/www/shipping/kship-golang-check-price/src/infra/decorators/base.go:57	set redis error, err:[redis: can't marshal *domain.Ward (implement encoding.BinaryMarshaler)], trace_id:[c1fda83f500a8175c2c1c7693bc98ec8], merchant:[]
2023-10-18 18:25:51	[WARN]	/var/www/shipping/kship-golang-check-price/src/infra/decorators/base.go:57	set redis error, err:[redis: can't marshal []*domain.Service (implement encoding.BinaryMarshaler)], trace_id:[c1fda83f500a8175c2c1c7693bc98ec8], merchant:[]
2023-10-18 18:25:51	[INFO]	/var/www/shipping/kship-golang-check-price/src/present/httpui/middlewares/log.go:11	path: [/api/v4/check-price/GHTK], status: [400], method: [POST], user_agent: [PostmanRuntime/7.28.4], trace_id:[c1fda83f500a8175c2c1c7693bc98ec8], merchant:[]
2023-10-18 18:25:51	[WARN]	/var/www/shipping/kship-golang-check-price/src/infra/decorators/base.go:57	set redis error, err:[redis: can't marshal []*domain.Service (implement encoding.BinaryMarshaler)], trace_id:[c1fda83f500a8175c2c1c7693bc98ec8], merchant:[]
2023-10-18 18:25:52	[WARN]	/var/www/shipping/kship-golang-check-price/src/infra/decorators/base.go:57	set redis error, err:[redis: can't marshal *domain.Shop (implement encoding.BinaryMarshaler)], trace_id:[0b996dd52c4df4f0a44da81f181acf4e], merchant:[]
2023-10-18 18:25:52	[WARN]	/var/www/shipping/kship-golang-check-price/src/infra/decorators/base.go:57	set redis error, err:[redis: can't marshal *domain.Client (implement encoding.BinaryMarshaler)], trace_id:[0b996dd52c4df4f0a44da81f181acf4e], merchant:[]
2023-10-18 18:25:52	[WARN]	/var/www/shipping/kship-golang-check-price/src/infra/decorators/base.go:57	set redis error, err:[redis: can't marshal []*domain.SettingShop (implement encoding.BinaryMarshaler)], trace_id:[0b996dd52c4df4f0a44da81f181acf4e], merchant:[]
2023-10-18 18:25:52	[WARN]	/var/www/shipping/kship-golang-check-price/src/infra/decorators/base.go:57	set redis error, err:[redis: can't marshal *domain.District (implement encoding.BinaryMarshaler)], trace_id:[0b996dd52c4df4f0a44da81f181acf4e], merchant:[]
2023-10-18 18:25:52	[WARN]	/var/www/shipping/kship-golang-check-price/src/infra/decorators/base.go:57	set redis error, err:[redis: can't marshal *domain.District (implement encoding.BinaryMarshaler)], trace_id:[0b996dd52c4df4f0a44da81f181acf4e], merchant:[]
2023-10-18 18:25:52	[WARN]	/var/www/shipping/kship-golang-check-price/src/infra/decorators/base.go:57	set redis error, err:[redis: can't marshal *domain.Ward (implement encoding.BinaryMarshaler)], trace_id:[0b996dd52c4df4f0a44da81f181acf4e], merchant:[]
2023-10-18 18:25:52	[WARN]	/var/www/shipping/kship-golang-check-price/src/infra/decorators/base.go:57	set redis error, err:[redis: can't marshal *domain.Ward (implement encoding.BinaryMarshaler)], trace_id:[0b996dd52c4df4f0a44da81f181acf4e], merchant:[]
2023-10-18 18:25:52	[WARN]	/var/www/shipping/kship-golang-check-price/src/infra/decorators/base.go:57	set redis error, err:[redis: can't marshal []*domain.Service (implement encoding.BinaryMarshaler)], trace_id:[0b996dd52c4df4f0a44da81f181acf4e], merchant:[]
2023-10-18 18:25:52	[INFO]	/var/www/shipping/kship-golang-check-price/src/present/httpui/middlewares/log.go:11	path: [/api/v4/check-price/GHTK], status: [400], method: [POST], user_agent: [PostmanRuntime/7.28.4], trace_id:[0b996dd52c4df4f0a44da81f181acf4e], merchant:[]
2023-10-18 18:25:52	[WARN]	/var/www/shipping/kship-golang-check-price/src/infra/decorators/base.go:57	set redis error, err:[redis: can't marshal []*domain.Service (implement encoding.BinaryMarshaler)], trace_id:[0b996dd52c4df4f0a44da81f181acf4e], merchant:[]
2023-10-18 18:25:53	[WARN]	/var/www/shipping/kship-golang-check-price/src/infra/decorators/base.go:57	set redis error, err:[redis: can't marshal *domain.Shop (implement encoding.BinaryMarshaler)], trace_id:[eda1edf76934028e15c8a55b6273e32c], merchant:[]
2023-10-18 18:25:53	[WARN]	/var/www/shipping/kship-golang-check-price/src/infra/decorators/base.go:57	set redis error, err:[redis: can't marshal *domain.Client (implement encoding.BinaryMarshaler)], trace_id:[eda1edf76934028e15c8a55b6273e32c], merchant:[]
2023-10-18 18:25:53	[WARN]	/var/www/shipping/kship-golang-check-price/src/infra/decorators/base.go:57	set redis error, err:[redis: can't marshal []*domain.SettingShop (implement encoding.BinaryMarshaler)], trace_id:[eda1edf76934028e15c8a55b6273e32c], merchant:[]
2023-10-18 18:25:53	[WARN]	/var/www/shipping/kship-golang-check-price/src/infra/decorators/base.go:57	set redis error, err:[redis: can't marshal *domain.District (implement encoding.BinaryMarshaler)], trace_id:[eda1edf76934028e15c8a55b6273e32c], merchant:[]
2023-10-18 18:25:53	[WARN]	/var/www/shipping/kship-golang-check-price/src/infra/decorators/base.go:57	set redis error, err:[redis: can't marshal *domain.District (implement encoding.BinaryMarshaler)], trace_id:[eda1edf76934028e15c8a55b6273e32c], merchant:[]
2023-10-18 18:25:53	[WARN]	/var/www/shipping/kship-golang-check-price/src/infra/decorators/base.go:57	set redis error, err:[redis: can't marshal *domain.Ward (implement encoding.BinaryMarshaler)], trace_id:[eda1edf76934028e15c8a55b6273e32c], merchant:[]
2023-10-18 18:25:53	[WARN]	/var/www/shipping/kship-golang-check-price/src/infra/decorators/base.go:57	set redis error, err:[redis: can't marshal *domain.Ward (implement encoding.BinaryMarshaler)], trace_id:[eda1edf76934028e15c8a55b6273e32c], merchant:[]
2023-10-18 18:25:53	[WARN]	/var/www/shipping/kship-golang-check-price/src/infra/decorators/base.go:57	set redis error, err:[redis: can't marshal []*domain.Service (implement encoding.BinaryMarshaler)], trace_id:[eda1edf76934028e15c8a55b6273e32c], merchant:[]
2023-10-18 18:25:53	[INFO]	/var/www/shipping/kship-golang-check-price/src/present/httpui/middlewares/log.go:11	path: [/api/v4/check-price/GHTK], status: [400], method: [POST], user_agent: [PostmanRuntime/7.28.4], trace_id:[eda1edf76934028e15c8a55b6273e32c], merchant:[]
2023-10-18 18:25:53	[WARN]	/var/www/shipping/kship-golang-check-price/src/infra/decorators/base.go:57	set redis error, err:[redis: can't marshal []*domain.Service (implement encoding.BinaryMarshaler)], trace_id:[eda1edf76934028e15c8a55b6273e32c], merchant:[]
2023-10-18 18:25:54	[WARN]	/var/www/shipping/kship-golang-check-price/src/infra/decorators/base.go:57	set redis error, err:[redis: can't marshal *domain.Shop (implement encoding.BinaryMarshaler)], trace_id:[c768bd25238eaa98f3e183abe1c17a0d], merchant:[]
2023-10-18 18:25:54	[WARN]	/var/www/shipping/kship-golang-check-price/src/infra/decorators/base.go:57	set redis error, err:[redis: can't marshal *domain.Client (implement encoding.BinaryMarshaler)], trace_id:[c768bd25238eaa98f3e183abe1c17a0d], merchant:[]
2023-10-18 18:25:54	[WARN]	/var/www/shipping/kship-golang-check-price/src/infra/decorators/base.go:57	set redis error, err:[redis: can't marshal []*domain.SettingShop (implement encoding.BinaryMarshaler)], trace_id:[c768bd25238eaa98f3e183abe1c17a0d], merchant:[]
2023-10-18 18:25:54	[WARN]	/var/www/shipping/kship-golang-check-price/src/infra/decorators/base.go:57	set redis error, err:[redis: can't marshal *domain.District (implement encoding.BinaryMarshaler)], trace_id:[c768bd25238eaa98f3e183abe1c17a0d], merchant:[]
2023-10-18 18:25:54	[WARN]	/var/www/shipping/kship-golang-check-price/src/infra/decorators/base.go:57	set redis error, err:[redis: can't marshal *domain.District (implement encoding.BinaryMarshaler)], trace_id:[c768bd25238eaa98f3e183abe1c17a0d], merchant:[]
2023-10-18 18:25:54	[WARN]	/var/www/shipping/kship-golang-check-price/src/infra/decorators/base.go:57	set redis error, err:[redis: can't marshal *domain.Ward (implement encoding.BinaryMarshaler)], trace_id:[c768bd25238eaa98f3e183abe1c17a0d], merchant:[]
2023-10-18 18:25:54	[WARN]	/var/www/shipping/kship-golang-check-price/src/infra/decorators/base.go:57	set redis error, err:[redis: can't marshal *domain.Ward (implement encoding.BinaryMarshaler)], trace_id:[c768bd25238eaa98f3e183abe1c17a0d], merchant:[]
2023-10-18 18:25:54	[WARN]	/var/www/shipping/kship-golang-check-price/src/infra/decorators/base.go:57	set redis error, err:[redis: can't marshal []*domain.Service (implement encoding.BinaryMarshaler)], trace_id:[c768bd25238eaa98f3e183abe1c17a0d], merchant:[]
2023-10-18 18:25:54	[INFO]	/var/www/shipping/kship-golang-check-price/src/present/httpui/middlewares/log.go:11	path: [/api/v4/check-price/GHTK], status: [400], method: [POST], user_agent: [PostmanRuntime/7.28.4], trace_id:[c768bd25238eaa98f3e183abe1c17a0d], merchant:[]
2023-10-18 18:25:54	[WARN]	/var/www/shipping/kship-golang-check-price/src/infra/decorators/base.go:57	set redis error, err:[redis: can't marshal []*domain.Service (implement encoding.BinaryMarshaler)], trace_id:[c768bd25238eaa98f3e183abe1c17a0d], merchant:[]
2023-10-18 18:25:55	[WARN]	/var/www/shipping/kship-golang-check-price/src/infra/decorators/base.go:57	set redis error, err:[redis: can't marshal *domain.Shop (implement encoding.BinaryMarshaler)], trace_id:[fa45998b562ac5171efc3e8fe2ddccd9], merchant:[]
2023-10-18 18:25:55	[WARN]	/var/www/shipping/kship-golang-check-price/src/infra/decorators/base.go:57	set redis error, err:[redis: can't marshal *domain.Client (implement encoding.BinaryMarshaler)], trace_id:[fa45998b562ac5171efc3e8fe2ddccd9], merchant:[]
2023-10-18 18:25:55	[WARN]	/var/www/shipping/kship-golang-check-price/src/infra/decorators/base.go:57	set redis error, err:[redis: can't marshal []*domain.SettingShop (implement encoding.BinaryMarshaler)], trace_id:[fa45998b562ac5171efc3e8fe2ddccd9], merchant:[]
2023-10-18 18:25:55	[WARN]	/var/www/shipping/kship-golang-check-price/src/infra/decorators/base.go:57	set redis error, err:[redis: can't marshal *domain.District (implement encoding.BinaryMarshaler)], trace_id:[fa45998b562ac5171efc3e8fe2ddccd9], merchant:[]
2023-10-18 18:25:55	[WARN]	/var/www/shipping/kship-golang-check-price/src/infra/decorators/base.go:57	set redis error, err:[redis: can't marshal *domain.District (implement encoding.BinaryMarshaler)], trace_id:[fa45998b562ac5171efc3e8fe2ddccd9], merchant:[]
2023-10-18 18:25:55	[WARN]	/var/www/shipping/kship-golang-check-price/src/infra/decorators/base.go:57	set redis error, err:[redis: can't marshal *domain.Ward (implement encoding.BinaryMarshaler)], trace_id:[fa45998b562ac5171efc3e8fe2ddccd9], merchant:[]
2023-10-18 18:25:55	[WARN]	/var/www/shipping/kship-golang-check-price/src/infra/decorators/base.go:57	set redis error, err:[redis: can't marshal *domain.Ward (implement encoding.BinaryMarshaler)], trace_id:[fa45998b562ac5171efc3e8fe2ddccd9], merchant:[]
2023-10-18 18:25:55	[WARN]	/var/www/shipping/kship-golang-check-price/src/infra/decorators/base.go:57	set redis error, err:[redis: can't marshal []*domain.Service (implement encoding.BinaryMarshaler)], trace_id:[fa45998b562ac5171efc3e8fe2ddccd9], merchant:[]
2023-10-18 18:25:55	[INFO]	/var/www/shipping/kship-golang-check-price/src/present/httpui/middlewares/log.go:11	path: [/api/v4/check-price/GHTK], status: [400], method: [POST], user_agent: [PostmanRuntime/7.28.4], trace_id:[fa45998b562ac5171efc3e8fe2ddccd9], merchant:[]
2023-10-18 18:25:55	[WARN]	/var/www/shipping/kship-golang-check-price/src/infra/decorators/base.go:57	set redis error, err:[redis: can't marshal []*domain.Service (implement encoding.BinaryMarshaler)], trace_id:[fa45998b562ac5171efc3e8fe2ddccd9], merchant:[]
2023-10-18 18:26:00	[INFO]	/usr/local/go/src/runtime/proc.go:267	Received signal: interrupt. Shutting down Server ...
2023-10-18 18:26:00	[INFO]	/home/quangquyet/go/pkg/mod/go.uber.org/fx@v1.20.0/internal/lifecycle/lifecycle.go:303	Stopping HTTP server
2023-10-18 18:26:00	[DEBUG]	/home/quangquyet/go/pkg/mod/go.uber.org/fx@v1.20.0/internal/lifecycle/lifecycle.go:303	Coming OnStop Storage
2023-10-18 18:26:01	[DEBUG]	/usr/local/go/src/runtime/asm_amd64.s:1650	App dev is running
2023-10-18 18:26:01	[DEBUG]	/usr/local/go/src/runtime/proc.go:267	Listening Signal...
2023-10-18 18:26:19	[WARN]	/var/www/shipping/kship-golang-check-price/src/infra/decorators/base.go:57	set redis error, err:[redis: can't marshal *domain.Shop (implement encoding.BinaryMarshaler)], trace_id:[45850699ff3302d44e2357ea7b0160c7], merchant:[]
2023-10-18 18:26:19	[WARN]	/var/www/shipping/kship-golang-check-price/src/infra/decorators/base.go:57	set redis error, err:[redis: can't marshal *domain.Client (implement encoding.BinaryMarshaler)], trace_id:[45850699ff3302d44e2357ea7b0160c7], merchant:[]
2023-10-18 18:26:19	[WARN]	/var/www/shipping/kship-golang-check-price/src/infra/decorators/base.go:57	set redis error, err:[redis: can't marshal []*domain.SettingShop (implement encoding.BinaryMarshaler)], trace_id:[45850699ff3302d44e2357ea7b0160c7], merchant:[]
2023-10-18 18:26:19	[WARN]	/var/www/shipping/kship-golang-check-price/src/infra/decorators/base.go:57	set redis error, err:[redis: can't marshal *domain.District (implement encoding.BinaryMarshaler)], trace_id:[45850699ff3302d44e2357ea7b0160c7], merchant:[]
2023-10-18 18:26:19	[WARN]	/var/www/shipping/kship-golang-check-price/src/infra/decorators/base.go:57	set redis error, err:[redis: can't marshal *domain.District (implement encoding.BinaryMarshaler)], trace_id:[45850699ff3302d44e2357ea7b0160c7], merchant:[]
2023-10-18 18:26:19	[WARN]	/var/www/shipping/kship-golang-check-price/src/infra/decorators/base.go:57	set redis error, err:[redis: can't marshal *domain.Ward (implement encoding.BinaryMarshaler)], trace_id:[45850699ff3302d44e2357ea7b0160c7], merchant:[]
2023-10-18 18:26:19	[WARN]	/var/www/shipping/kship-golang-check-price/src/infra/decorators/base.go:57	set redis error, err:[redis: can't marshal *domain.Ward (implement encoding.BinaryMarshaler)], trace_id:[45850699ff3302d44e2357ea7b0160c7], merchant:[]
2023-10-18 18:26:19	[WARN]	/var/www/shipping/kship-golang-check-price/src/infra/decorators/base.go:57	set redis error, err:[redis: can't marshal []*domain.Service (implement encoding.BinaryMarshaler)], trace_id:[45850699ff3302d44e2357ea7b0160c7], merchant:[]
2023-10-18 18:26:19	[INFO]	/var/www/shipping/kship-golang-check-price/src/present/httpui/middlewares/log.go:11	path: [/api/v4/check-price/GHTK], status: [400], method: [POST], user_agent: [PostmanRuntime/7.28.4], trace_id:[45850699ff3302d44e2357ea7b0160c7], merchant:[]
2023-10-18 18:26:19	[WARN]	/var/www/shipping/kship-golang-check-price/src/infra/decorators/base.go:57	set redis error, err:[redis: can't marshal []*domain.Service (implement encoding.BinaryMarshaler)], trace_id:[45850699ff3302d44e2357ea7b0160c7], merchant:[]
2023-10-18 18:26:20	[WARN]	/var/www/shipping/kship-golang-check-price/src/infra/decorators/base.go:57	set redis error, err:[redis: can't marshal *domain.Shop (implement encoding.BinaryMarshaler)], trace_id:[ccd14a93976d1e2642bcb8f05d653997], merchant:[]
2023-10-18 18:26:20	[WARN]	/var/www/shipping/kship-golang-check-price/src/infra/decorators/base.go:57	set redis error, err:[redis: can't marshal *domain.Client (implement encoding.BinaryMarshaler)], trace_id:[ccd14a93976d1e2642bcb8f05d653997], merchant:[]
2023-10-18 18:26:20	[WARN]	/var/www/shipping/kship-golang-check-price/src/infra/decorators/base.go:57	set redis error, err:[redis: can't marshal []*domain.SettingShop (implement encoding.BinaryMarshaler)], trace_id:[ccd14a93976d1e2642bcb8f05d653997], merchant:[]
2023-10-18 18:26:20	[WARN]	/var/www/shipping/kship-golang-check-price/src/infra/decorators/base.go:57	set redis error, err:[redis: can't marshal *domain.District (implement encoding.BinaryMarshaler)], trace_id:[ccd14a93976d1e2642bcb8f05d653997], merchant:[]
2023-10-18 18:26:20	[WARN]	/var/www/shipping/kship-golang-check-price/src/infra/decorators/base.go:57	set redis error, err:[redis: can't marshal *domain.District (implement encoding.BinaryMarshaler)], trace_id:[ccd14a93976d1e2642bcb8f05d653997], merchant:[]
2023-10-18 18:26:20	[WARN]	/var/www/shipping/kship-golang-check-price/src/infra/decorators/base.go:57	set redis error, err:[redis: can't marshal *domain.Ward (implement encoding.BinaryMarshaler)], trace_id:[ccd14a93976d1e2642bcb8f05d653997], merchant:[]
2023-10-18 18:26:20	[WARN]	/var/www/shipping/kship-golang-check-price/src/infra/decorators/base.go:57	set redis error, err:[redis: can't marshal *domain.Ward (implement encoding.BinaryMarshaler)], trace_id:[ccd14a93976d1e2642bcb8f05d653997], merchant:[]
2023-10-18 18:26:20	[WARN]	/var/www/shipping/kship-golang-check-price/src/infra/decorators/base.go:57	set redis error, err:[redis: can't marshal []*domain.Service (implement encoding.BinaryMarshaler)], trace_id:[ccd14a93976d1e2642bcb8f05d653997], merchant:[]
2023-10-18 18:26:20	[INFO]	/var/www/shipping/kship-golang-check-price/src/present/httpui/middlewares/log.go:11	path: [/api/v4/check-price/GHTK], status: [400], method: [POST], user_agent: [PostmanRuntime/7.28.4], trace_id:[ccd14a93976d1e2642bcb8f05d653997], merchant:[]
2023-10-18 18:26:20	[WARN]	/var/www/shipping/kship-golang-check-price/src/infra/decorators/base.go:57	set redis error, err:[redis: can't marshal []*domain.Service (implement encoding.BinaryMarshaler)], trace_id:[ccd14a93976d1e2642bcb8f05d653997], merchant:[]
2023-10-18 18:26:21	[WARN]	/var/www/shipping/kship-golang-check-price/src/infra/decorators/base.go:57	set redis error, err:[redis: can't marshal *domain.Shop (implement encoding.BinaryMarshaler)], trace_id:[597262b0597cf8e532958033908861ad], merchant:[]
2023-10-18 18:26:21	[WARN]	/var/www/shipping/kship-golang-check-price/src/infra/decorators/base.go:57	set redis error, err:[redis: can't marshal *domain.Client (implement encoding.BinaryMarshaler)], trace_id:[597262b0597cf8e532958033908861ad], merchant:[]
2023-10-18 18:26:21	[WARN]	/var/www/shipping/kship-golang-check-price/src/infra/decorators/base.go:57	set redis error, err:[redis: can't marshal []*domain.SettingShop (implement encoding.BinaryMarshaler)], trace_id:[597262b0597cf8e532958033908861ad], merchant:[]
2023-10-18 18:26:21	[WARN]	/var/www/shipping/kship-golang-check-price/src/infra/decorators/base.go:57	set redis error, err:[redis: can't marshal *domain.District (implement encoding.BinaryMarshaler)], trace_id:[597262b0597cf8e532958033908861ad], merchant:[]
2023-10-18 18:26:21	[WARN]	/var/www/shipping/kship-golang-check-price/src/infra/decorators/base.go:57	set redis error, err:[redis: can't marshal *domain.District (implement encoding.BinaryMarshaler)], trace_id:[597262b0597cf8e532958033908861ad], merchant:[]
2023-10-18 18:26:21	[WARN]	/var/www/shipping/kship-golang-check-price/src/infra/decorators/base.go:57	set redis error, err:[redis: can't marshal *domain.Ward (implement encoding.BinaryMarshaler)], trace_id:[597262b0597cf8e532958033908861ad], merchant:[]
2023-10-18 18:26:21	[WARN]	/var/www/shipping/kship-golang-check-price/src/infra/decorators/base.go:57	set redis error, err:[redis: can't marshal *domain.Ward (implement encoding.BinaryMarshaler)], trace_id:[597262b0597cf8e532958033908861ad], merchant:[]
2023-10-18 18:26:21	[WARN]	/var/www/shipping/kship-golang-check-price/src/infra/decorators/base.go:57	set redis error, err:[redis: can't marshal []*domain.Service (implement encoding.BinaryMarshaler)], trace_id:[597262b0597cf8e532958033908861ad], merchant:[]
2023-10-18 18:26:21	[INFO]	/var/www/shipping/kship-golang-check-price/src/present/httpui/middlewares/log.go:11	path: [/api/v4/check-price/GHTK], status: [400], method: [POST], user_agent: [PostmanRuntime/7.28.4], trace_id:[597262b0597cf8e532958033908861ad], merchant:[]
2023-10-18 18:26:21	[WARN]	/var/www/shipping/kship-golang-check-price/src/infra/decorators/base.go:57	set redis error, err:[redis: can't marshal []*domain.Service (implement encoding.BinaryMarshaler)], trace_id:[597262b0597cf8e532958033908861ad], merchant:[]
2023-10-18 18:26:25	[INFO]	/usr/local/go/src/runtime/proc.go:267	Received signal: interrupt. Shutting down Server ...
2023-10-18 18:26:25	[INFO]	/home/quangquyet/go/pkg/mod/go.uber.org/fx@v1.20.0/internal/lifecycle/lifecycle.go:303	Stopping HTTP server
2023-10-18 18:26:25	[DEBUG]	/home/quangquyet/go/pkg/mod/go.uber.org/fx@v1.20.0/internal/lifecycle/lifecycle.go:303	Coming OnStop Storage
2023-10-18 18:26:27	[DEBUG]	/usr/local/go/src/runtime/asm_amd64.s:1650	App dev is running
2023-10-18 18:26:27	[DEBUG]	/usr/local/go/src/runtime/proc.go:267	Listening Signal...
2023-10-18 18:26:28	[WARN]	/var/www/shipping/kship-golang-check-price/src/infra/decorators/base.go:57	set redis error, err:[redis: can't marshal *domain.Shop (implement encoding.BinaryMarshaler)], trace_id:[0c24251d5189f60a2a3610ab4a06218a], merchant:[]
2023-10-18 18:26:28	[WARN]	/var/www/shipping/kship-golang-check-price/src/infra/decorators/base.go:57	set redis error, err:[redis: can't marshal *domain.Client (implement encoding.BinaryMarshaler)], trace_id:[0c24251d5189f60a2a3610ab4a06218a], merchant:[]
2023-10-18 18:26:28	[WARN]	/var/www/shipping/kship-golang-check-price/src/infra/decorators/base.go:57	set redis error, err:[redis: can't marshal []*domain.SettingShop (implement encoding.BinaryMarshaler)], trace_id:[0c24251d5189f60a2a3610ab4a06218a], merchant:[]
2023-10-18 18:26:28	[WARN]	/var/www/shipping/kship-golang-check-price/src/infra/decorators/base.go:57	set redis error, err:[redis: can't marshal *domain.District (implement encoding.BinaryMarshaler)], trace_id:[0c24251d5189f60a2a3610ab4a06218a], merchant:[]
2023-10-18 18:26:28	[WARN]	/var/www/shipping/kship-golang-check-price/src/infra/decorators/base.go:57	set redis error, err:[redis: can't marshal *domain.District (implement encoding.BinaryMarshaler)], trace_id:[0c24251d5189f60a2a3610ab4a06218a], merchant:[]
2023-10-18 18:26:28	[WARN]	/var/www/shipping/kship-golang-check-price/src/infra/decorators/base.go:57	set redis error, err:[redis: can't marshal *domain.Ward (implement encoding.BinaryMarshaler)], trace_id:[0c24251d5189f60a2a3610ab4a06218a], merchant:[]
2023-10-18 18:26:28	[WARN]	/var/www/shipping/kship-golang-check-price/src/infra/decorators/base.go:57	set redis error, err:[redis: can't marshal *domain.Ward (implement encoding.BinaryMarshaler)], trace_id:[0c24251d5189f60a2a3610ab4a06218a], merchant:[]
2023-10-18 18:26:28	[WARN]	/var/www/shipping/kship-golang-check-price/src/infra/decorators/base.go:57	set redis error, err:[redis: can't marshal []*domain.Service (implement encoding.BinaryMarshaler)], trace_id:[0c24251d5189f60a2a3610ab4a06218a], merchant:[]
2023-10-18 18:26:28	[INFO]	/var/www/shipping/kship-golang-check-price/src/present/httpui/middlewares/log.go:11	path: [/api/v4/check-price/GHTK], status: [400], method: [POST], user_agent: [PostmanRuntime/7.28.4], trace_id:[0c24251d5189f60a2a3610ab4a06218a], merchant:[]
2023-10-18 18:26:28	[WARN]	/var/www/shipping/kship-golang-check-price/src/infra/decorators/base.go:57	set redis error, err:[redis: can't marshal []*domain.Service (implement encoding.BinaryMarshaler)], trace_id:[0c24251d5189f60a2a3610ab4a06218a], merchant:[]
2023-10-18 18:26:30	[WARN]	/var/www/shipping/kship-golang-check-price/src/infra/decorators/base.go:57	set redis error, err:[redis: can't marshal *domain.Shop (implement encoding.BinaryMarshaler)], trace_id:[3875903b7eb124faafde92853aa05469], merchant:[]
2023-10-18 18:26:30	[WARN]	/var/www/shipping/kship-golang-check-price/src/infra/decorators/base.go:57	set redis error, err:[redis: can't marshal *domain.Client (implement encoding.BinaryMarshaler)], trace_id:[3875903b7eb124faafde92853aa05469], merchant:[]
2023-10-18 18:26:30	[WARN]	/var/www/shipping/kship-golang-check-price/src/infra/decorators/base.go:57	set redis error, err:[redis: can't marshal []*domain.SettingShop (implement encoding.BinaryMarshaler)], trace_id:[3875903b7eb124faafde92853aa05469], merchant:[]
2023-10-18 18:26:30	[WARN]	/var/www/shipping/kship-golang-check-price/src/infra/decorators/base.go:57	set redis error, err:[redis: can't marshal *domain.District (implement encoding.BinaryMarshaler)], trace_id:[3875903b7eb124faafde92853aa05469], merchant:[]
2023-10-18 18:26:30	[WARN]	/var/www/shipping/kship-golang-check-price/src/infra/decorators/base.go:57	set redis error, err:[redis: can't marshal *domain.District (implement encoding.BinaryMarshaler)], trace_id:[3875903b7eb124faafde92853aa05469], merchant:[]
2023-10-18 18:26:30	[WARN]	/var/www/shipping/kship-golang-check-price/src/infra/decorators/base.go:57	set redis error, err:[redis: can't marshal *domain.Ward (implement encoding.BinaryMarshaler)], trace_id:[3875903b7eb124faafde92853aa05469], merchant:[]
2023-10-18 18:26:30	[WARN]	/var/www/shipping/kship-golang-check-price/src/infra/decorators/base.go:57	set redis error, err:[redis: can't marshal *domain.Ward (implement encoding.BinaryMarshaler)], trace_id:[3875903b7eb124faafde92853aa05469], merchant:[]
2023-10-18 18:26:30	[WARN]	/var/www/shipping/kship-golang-check-price/src/infra/decorators/base.go:57	set redis error, err:[redis: can't marshal []*domain.Service (implement encoding.BinaryMarshaler)], trace_id:[3875903b7eb124faafde92853aa05469], merchant:[]
2023-10-18 18:26:30	[INFO]	/var/www/shipping/kship-golang-check-price/src/present/httpui/middlewares/log.go:11	path: [/api/v4/check-price/GHTK], status: [400], method: [POST], user_agent: [PostmanRuntime/7.28.4], trace_id:[3875903b7eb124faafde92853aa05469], merchant:[]
2023-10-18 18:26:30	[WARN]	/var/www/shipping/kship-golang-check-price/src/infra/decorators/base.go:57	set redis error, err:[redis: can't marshal []*domain.Service (implement encoding.BinaryMarshaler)], trace_id:[3875903b7eb124faafde92853aa05469], merchant:[]
2023-10-18 18:26:31	[WARN]	/var/www/shipping/kship-golang-check-price/src/infra/decorators/base.go:57	set redis error, err:[redis: can't marshal *domain.Shop (implement encoding.BinaryMarshaler)], trace_id:[e10c01aca55ab703d7336e65c263889d], merchant:[]
2023-10-18 18:26:31	[WARN]	/var/www/shipping/kship-golang-check-price/src/infra/decorators/base.go:57	set redis error, err:[redis: can't marshal *domain.Client (implement encoding.BinaryMarshaler)], trace_id:[e10c01aca55ab703d7336e65c263889d], merchant:[]
2023-10-18 18:26:31	[WARN]	/var/www/shipping/kship-golang-check-price/src/infra/decorators/base.go:57	set redis error, err:[redis: can't marshal []*domain.SettingShop (implement encoding.BinaryMarshaler)], trace_id:[e10c01aca55ab703d7336e65c263889d], merchant:[]
2023-10-18 18:26:31	[WARN]	/var/www/shipping/kship-golang-check-price/src/infra/decorators/base.go:57	set redis error, err:[redis: can't marshal *domain.District (implement encoding.BinaryMarshaler)], trace_id:[e10c01aca55ab703d7336e65c263889d], merchant:[]
2023-10-18 18:26:31	[WARN]	/var/www/shipping/kship-golang-check-price/src/infra/decorators/base.go:57	set redis error, err:[redis: can't marshal *domain.District (implement encoding.BinaryMarshaler)], trace_id:[e10c01aca55ab703d7336e65c263889d], merchant:[]
2023-10-18 18:26:31	[WARN]	/var/www/shipping/kship-golang-check-price/src/infra/decorators/base.go:57	set redis error, err:[redis: can't marshal *domain.Ward (implement encoding.BinaryMarshaler)], trace_id:[e10c01aca55ab703d7336e65c263889d], merchant:[]
2023-10-18 18:26:31	[WARN]	/var/www/shipping/kship-golang-check-price/src/infra/decorators/base.go:57	set redis error, err:[redis: can't marshal *domain.Ward (implement encoding.BinaryMarshaler)], trace_id:[e10c01aca55ab703d7336e65c263889d], merchant:[]
2023-10-18 18:26:31	[WARN]	/var/www/shipping/kship-golang-check-price/src/infra/decorators/base.go:57	set redis error, err:[redis: can't marshal []*domain.Service (implement encoding.BinaryMarshaler)], trace_id:[e10c01aca55ab703d7336e65c263889d], merchant:[]
2023-10-18 18:26:31	[INFO]	/var/www/shipping/kship-golang-check-price/src/present/httpui/middlewares/log.go:11	path: [/api/v4/check-price/GHTK], status: [400], method: [POST], user_agent: [PostmanRuntime/7.28.4], trace_id:[e10c01aca55ab703d7336e65c263889d], merchant:[]
2023-10-18 18:26:31	[WARN]	/var/www/shipping/kship-golang-check-price/src/infra/decorators/base.go:57	set redis error, err:[redis: can't marshal []*domain.Service (implement encoding.BinaryMarshaler)], trace_id:[e10c01aca55ab703d7336e65c263889d], merchant:[]
2023-10-18 18:28:48	[WARN]	/var/www/shipping/kship-golang-check-price/src/infra/decorators/base.go:57	set redis error, err:[redis: can't marshal *domain.Shop (implement encoding.BinaryMarshaler)], trace_id:[7e67e2de767e09b28f6242ee0eea61ef], merchant:[]
2023-10-18 18:28:48	[WARN]	/var/www/shipping/kship-golang-check-price/src/infra/decorators/base.go:57	set redis error, err:[redis: can't marshal *domain.Client (implement encoding.BinaryMarshaler)], trace_id:[7e67e2de767e09b28f6242ee0eea61ef], merchant:[]
2023-10-18 18:28:48	[WARN]	/var/www/shipping/kship-golang-check-price/src/infra/decorators/base.go:57	set redis error, err:[redis: can't marshal []*domain.SettingShop (implement encoding.BinaryMarshaler)], trace_id:[7e67e2de767e09b28f6242ee0eea61ef], merchant:[]
2023-10-18 18:28:48	[WARN]	/var/www/shipping/kship-golang-check-price/src/infra/decorators/base.go:57	set redis error, err:[redis: can't marshal *domain.District (implement encoding.BinaryMarshaler)], trace_id:[7e67e2de767e09b28f6242ee0eea61ef], merchant:[]
2023-10-18 18:28:48	[WARN]	/var/www/shipping/kship-golang-check-price/src/infra/decorators/base.go:57	set redis error, err:[redis: can't marshal *domain.District (implement encoding.BinaryMarshaler)], trace_id:[7e67e2de767e09b28f6242ee0eea61ef], merchant:[]
2023-10-18 18:28:48	[WARN]	/var/www/shipping/kship-golang-check-price/src/infra/decorators/base.go:57	set redis error, err:[redis: can't marshal *domain.Ward (implement encoding.BinaryMarshaler)], trace_id:[7e67e2de767e09b28f6242ee0eea61ef], merchant:[]
2023-10-18 18:28:48	[WARN]	/var/www/shipping/kship-golang-check-price/src/infra/decorators/base.go:57	set redis error, err:[redis: can't marshal *domain.Ward (implement encoding.BinaryMarshaler)], trace_id:[7e67e2de767e09b28f6242ee0eea61ef], merchant:[]
2023-10-18 18:28:48	[WARN]	/var/www/shipping/kship-golang-check-price/src/infra/decorators/base.go:57	set redis error, err:[redis: can't marshal []*domain.Service (implement encoding.BinaryMarshaler)], trace_id:[7e67e2de767e09b28f6242ee0eea61ef], merchant:[]
2023-10-18 18:28:48	[INFO]	/var/www/shipping/kship-golang-check-price/src/present/httpui/middlewares/log.go:11	path: [/api/v4/check-price/GHTK], status: [400], method: [POST], user_agent: [PostmanRuntime/7.28.4], trace_id:[7e67e2de767e09b28f6242ee0eea61ef], merchant:[]
2023-10-18 18:28:48	[WARN]	/var/www/shipping/kship-golang-check-price/src/infra/decorators/base.go:57	set redis error, err:[redis: can't marshal []*domain.Service (implement encoding.BinaryMarshaler)], trace_id:[7e67e2de767e09b28f6242ee0eea61ef], merchant:[]
2023-10-18 18:28:49	[WARN]	/var/www/shipping/kship-golang-check-price/src/infra/decorators/base.go:57	set redis error, err:[redis: can't marshal *domain.Shop (implement encoding.BinaryMarshaler)], trace_id:[3044922bbed3bb810abf562dedd651ee], merchant:[]
2023-10-18 18:28:49	[WARN]	/var/www/shipping/kship-golang-check-price/src/infra/decorators/base.go:57	set redis error, err:[redis: can't marshal *domain.Client (implement encoding.BinaryMarshaler)], trace_id:[3044922bbed3bb810abf562dedd651ee], merchant:[]
2023-10-18 18:28:49	[WARN]	/var/www/shipping/kship-golang-check-price/src/infra/decorators/base.go:57	set redis error, err:[redis: can't marshal []*domain.SettingShop (implement encoding.BinaryMarshaler)], trace_id:[3044922bbed3bb810abf562dedd651ee], merchant:[]
2023-10-18 18:28:49	[WARN]	/var/www/shipping/kship-golang-check-price/src/infra/decorators/base.go:57	set redis error, err:[redis: can't marshal *domain.District (implement encoding.BinaryMarshaler)], trace_id:[3044922bbed3bb810abf562dedd651ee], merchant:[]
2023-10-18 18:28:49	[WARN]	/var/www/shipping/kship-golang-check-price/src/infra/decorators/base.go:57	set redis error, err:[redis: can't marshal *domain.District (implement encoding.BinaryMarshaler)], trace_id:[3044922bbed3bb810abf562dedd651ee], merchant:[]
2023-10-18 18:28:49	[WARN]	/var/www/shipping/kship-golang-check-price/src/infra/decorators/base.go:57	set redis error, err:[redis: can't marshal *domain.Ward (implement encoding.BinaryMarshaler)], trace_id:[3044922bbed3bb810abf562dedd651ee], merchant:[]
2023-10-18 18:28:49	[WARN]	/var/www/shipping/kship-golang-check-price/src/infra/decorators/base.go:57	set redis error, err:[redis: can't marshal *domain.Ward (implement encoding.BinaryMarshaler)], trace_id:[3044922bbed3bb810abf562dedd651ee], merchant:[]
2023-10-18 18:28:49	[WARN]	/var/www/shipping/kship-golang-check-price/src/infra/decorators/base.go:57	set redis error, err:[redis: can't marshal []*domain.Service (implement encoding.BinaryMarshaler)], trace_id:[3044922bbed3bb810abf562dedd651ee], merchant:[]
2023-10-18 18:28:49	[INFO]	/var/www/shipping/kship-golang-check-price/src/present/httpui/middlewares/log.go:11	path: [/api/v4/check-price/GHTK], status: [400], method: [POST], user_agent: [PostmanRuntime/7.28.4], trace_id:[3044922bbed3bb810abf562dedd651ee], merchant:[]
2023-10-18 18:28:49	[WARN]	/var/www/shipping/kship-golang-check-price/src/infra/decorators/base.go:57	set redis error, err:[redis: can't marshal []*domain.Service (implement encoding.BinaryMarshaler)], trace_id:[3044922bbed3bb810abf562dedd651ee], merchant:[]
2023-10-18 18:28:50	[WARN]	/var/www/shipping/kship-golang-check-price/src/infra/decorators/base.go:57	set redis error, err:[redis: can't marshal *domain.Shop (implement encoding.BinaryMarshaler)], trace_id:[23c8e207458aebb78ade3759ffc7bcf1], merchant:[]
2023-10-18 18:28:50	[WARN]	/var/www/shipping/kship-golang-check-price/src/infra/decorators/base.go:57	set redis error, err:[redis: can't marshal *domain.Client (implement encoding.BinaryMarshaler)], trace_id:[23c8e207458aebb78ade3759ffc7bcf1], merchant:[]
2023-10-18 18:28:50	[WARN]	/var/www/shipping/kship-golang-check-price/src/infra/decorators/base.go:57	set redis error, err:[redis: can't marshal []*domain.SettingShop (implement encoding.BinaryMarshaler)], trace_id:[23c8e207458aebb78ade3759ffc7bcf1], merchant:[]
2023-10-18 18:28:50	[WARN]	/var/www/shipping/kship-golang-check-price/src/infra/decorators/base.go:57	set redis error, err:[redis: can't marshal *domain.District (implement encoding.BinaryMarshaler)], trace_id:[23c8e207458aebb78ade3759ffc7bcf1], merchant:[]
2023-10-18 18:28:50	[WARN]	/var/www/shipping/kship-golang-check-price/src/infra/decorators/base.go:57	set redis error, err:[redis: can't marshal *domain.District (implement encoding.BinaryMarshaler)], trace_id:[23c8e207458aebb78ade3759ffc7bcf1], merchant:[]
2023-10-18 18:28:50	[WARN]	/var/www/shipping/kship-golang-check-price/src/infra/decorators/base.go:57	set redis error, err:[redis: can't marshal *domain.Ward (implement encoding.BinaryMarshaler)], trace_id:[23c8e207458aebb78ade3759ffc7bcf1], merchant:[]
2023-10-18 18:28:50	[WARN]	/var/www/shipping/kship-golang-check-price/src/infra/decorators/base.go:57	set redis error, err:[redis: can't marshal *domain.Ward (implement encoding.BinaryMarshaler)], trace_id:[23c8e207458aebb78ade3759ffc7bcf1], merchant:[]
2023-10-18 18:28:50	[WARN]	/var/www/shipping/kship-golang-check-price/src/infra/decorators/base.go:57	set redis error, err:[redis: can't marshal []*domain.Service (implement encoding.BinaryMarshaler)], trace_id:[23c8e207458aebb78ade3759ffc7bcf1], merchant:[]
2023-10-18 18:28:50	[INFO]	/var/www/shipping/kship-golang-check-price/src/present/httpui/middlewares/log.go:11	path: [/api/v4/check-price/GHTK], status: [400], method: [POST], user_agent: [PostmanRuntime/7.28.4], trace_id:[23c8e207458aebb78ade3759ffc7bcf1], merchant:[]
2023-10-18 18:28:50	[WARN]	/var/www/shipping/kship-golang-check-price/src/infra/decorators/base.go:57	set redis error, err:[redis: can't marshal []*domain.Service (implement encoding.BinaryMarshaler)], trace_id:[23c8e207458aebb78ade3759ffc7bcf1], merchant:[]
2023-10-18 18:28:50	[WARN]	/var/www/shipping/kship-golang-check-price/src/infra/decorators/base.go:57	set redis error, err:[redis: can't marshal *domain.Shop (implement encoding.BinaryMarshaler)], trace_id:[442742c4bb5f1637c350f7bcc9c5e3c6], merchant:[]
2023-10-18 18:28:50	[WARN]	/var/www/shipping/kship-golang-check-price/src/infra/decorators/base.go:57	set redis error, err:[redis: can't marshal *domain.Client (implement encoding.BinaryMarshaler)], trace_id:[442742c4bb5f1637c350f7bcc9c5e3c6], merchant:[]
2023-10-18 18:28:50	[WARN]	/var/www/shipping/kship-golang-check-price/src/infra/decorators/base.go:57	set redis error, err:[redis: can't marshal []*domain.SettingShop (implement encoding.BinaryMarshaler)], trace_id:[442742c4bb5f1637c350f7bcc9c5e3c6], merchant:[]
2023-10-18 18:28:50	[WARN]	/var/www/shipping/kship-golang-check-price/src/infra/decorators/base.go:57	set redis error, err:[redis: can't marshal *domain.District (implement encoding.BinaryMarshaler)], trace_id:[442742c4bb5f1637c350f7bcc9c5e3c6], merchant:[]
2023-10-18 18:28:50	[WARN]	/var/www/shipping/kship-golang-check-price/src/infra/decorators/base.go:57	set redis error, err:[redis: can't marshal *domain.District (implement encoding.BinaryMarshaler)], trace_id:[442742c4bb5f1637c350f7bcc9c5e3c6], merchant:[]
2023-10-18 18:28:50	[WARN]	/var/www/shipping/kship-golang-check-price/src/infra/decorators/base.go:57	set redis error, err:[redis: can't marshal *domain.Ward (implement encoding.BinaryMarshaler)], trace_id:[442742c4bb5f1637c350f7bcc9c5e3c6], merchant:[]
2023-10-18 18:28:50	[WARN]	/var/www/shipping/kship-golang-check-price/src/infra/decorators/base.go:57	set redis error, err:[redis: can't marshal *domain.Ward (implement encoding.BinaryMarshaler)], trace_id:[442742c4bb5f1637c350f7bcc9c5e3c6], merchant:[]
2023-10-18 18:28:50	[WARN]	/var/www/shipping/kship-golang-check-price/src/infra/decorators/base.go:57	set redis error, err:[redis: can't marshal []*domain.Service (implement encoding.BinaryMarshaler)], trace_id:[442742c4bb5f1637c350f7bcc9c5e3c6], merchant:[]
2023-10-18 18:28:50	[INFO]	/var/www/shipping/kship-golang-check-price/src/present/httpui/middlewares/log.go:11	path: [/api/v4/check-price/GHTK], status: [400], method: [POST], user_agent: [PostmanRuntime/7.28.4], trace_id:[442742c4bb5f1637c350f7bcc9c5e3c6], merchant:[]
2023-10-18 18:28:50	[WARN]	/var/www/shipping/kship-golang-check-price/src/infra/decorators/base.go:57	set redis error, err:[redis: can't marshal []*domain.Service (implement encoding.BinaryMarshaler)], trace_id:[442742c4bb5f1637c350f7bcc9c5e3c6], merchant:[]
2023-10-18 18:28:50	[WARN]	/var/www/shipping/kship-golang-check-price/src/infra/decorators/base.go:57	set redis error, err:[redis: can't marshal *domain.Shop (implement encoding.BinaryMarshaler)], trace_id:[43ebcc3dce063f9e628c814726ef2706], merchant:[]
2023-10-18 18:28:50	[WARN]	/var/www/shipping/kship-golang-check-price/src/infra/decorators/base.go:57	set redis error, err:[redis: can't marshal *domain.Client (implement encoding.BinaryMarshaler)], trace_id:[43ebcc3dce063f9e628c814726ef2706], merchant:[]
2023-10-18 18:28:50	[WARN]	/var/www/shipping/kship-golang-check-price/src/infra/decorators/base.go:57	set redis error, err:[redis: can't marshal []*domain.SettingShop (implement encoding.BinaryMarshaler)], trace_id:[43ebcc3dce063f9e628c814726ef2706], merchant:[]
2023-10-18 18:28:50	[WARN]	/var/www/shipping/kship-golang-check-price/src/infra/decorators/base.go:57	set redis error, err:[redis: can't marshal *domain.District (implement encoding.BinaryMarshaler)], trace_id:[43ebcc3dce063f9e628c814726ef2706], merchant:[]
2023-10-18 18:28:50	[WARN]	/var/www/shipping/kship-golang-check-price/src/infra/decorators/base.go:57	set redis error, err:[redis: can't marshal *domain.District (implement encoding.BinaryMarshaler)], trace_id:[43ebcc3dce063f9e628c814726ef2706], merchant:[]
2023-10-18 18:28:50	[WARN]	/var/www/shipping/kship-golang-check-price/src/infra/decorators/base.go:57	set redis error, err:[redis: can't marshal *domain.Ward (implement encoding.BinaryMarshaler)], trace_id:[43ebcc3dce063f9e628c814726ef2706], merchant:[]
2023-10-18 18:28:51	[WARN]	/var/www/shipping/kship-golang-check-price/src/infra/decorators/base.go:57	set redis error, err:[redis: can't marshal *domain.Ward (implement encoding.BinaryMarshaler)], trace_id:[43ebcc3dce063f9e628c814726ef2706], merchant:[]
2023-10-18 18:28:51	[WARN]	/var/www/shipping/kship-golang-check-price/src/infra/decorators/base.go:57	set redis error, err:[redis: can't marshal []*domain.Service (implement encoding.BinaryMarshaler)], trace_id:[43ebcc3dce063f9e628c814726ef2706], merchant:[]
2023-10-18 18:28:51	[INFO]	/var/www/shipping/kship-golang-check-price/src/present/httpui/middlewares/log.go:11	path: [/api/v4/check-price/GHTK], status: [400], method: [POST], user_agent: [PostmanRuntime/7.28.4], trace_id:[43ebcc3dce063f9e628c814726ef2706], merchant:[]
2023-10-18 18:28:51	[WARN]	/var/www/shipping/kship-golang-check-price/src/infra/decorators/base.go:57	set redis error, err:[redis: can't marshal []*domain.Service (implement encoding.BinaryMarshaler)], trace_id:[43ebcc3dce063f9e628c814726ef2706], merchant:[]
2023-10-18 18:28:51	[WARN]	/var/www/shipping/kship-golang-check-price/src/infra/decorators/base.go:57	set redis error, err:[redis: can't marshal *domain.Shop (implement encoding.BinaryMarshaler)], trace_id:[9752982e736c19440ec77843a371a337], merchant:[]
2023-10-18 18:28:51	[WARN]	/var/www/shipping/kship-golang-check-price/src/infra/decorators/base.go:57	set redis error, err:[redis: can't marshal *domain.Client (implement encoding.BinaryMarshaler)], trace_id:[9752982e736c19440ec77843a371a337], merchant:[]
2023-10-18 18:28:51	[WARN]	/var/www/shipping/kship-golang-check-price/src/infra/decorators/base.go:57	set redis error, err:[redis: can't marshal []*domain.SettingShop (implement encoding.BinaryMarshaler)], trace_id:[9752982e736c19440ec77843a371a337], merchant:[]
2023-10-18 18:28:51	[WARN]	/var/www/shipping/kship-golang-check-price/src/infra/decorators/base.go:57	set redis error, err:[redis: can't marshal *domain.District (implement encoding.BinaryMarshaler)], trace_id:[9752982e736c19440ec77843a371a337], merchant:[]
2023-10-18 18:28:51	[WARN]	/var/www/shipping/kship-golang-check-price/src/infra/decorators/base.go:57	set redis error, err:[redis: can't marshal *domain.District (implement encoding.BinaryMarshaler)], trace_id:[9752982e736c19440ec77843a371a337], merchant:[]
2023-10-18 18:28:51	[WARN]	/var/www/shipping/kship-golang-check-price/src/infra/decorators/base.go:57	set redis error, err:[redis: can't marshal *domain.Ward (implement encoding.BinaryMarshaler)], trace_id:[9752982e736c19440ec77843a371a337], merchant:[]
2023-10-18 18:28:51	[WARN]	/var/www/shipping/kship-golang-check-price/src/infra/decorators/base.go:57	set redis error, err:[redis: can't marshal *domain.Ward (implement encoding.BinaryMarshaler)], trace_id:[9752982e736c19440ec77843a371a337], merchant:[]
2023-10-18 18:28:51	[WARN]	/var/www/shipping/kship-golang-check-price/src/infra/decorators/base.go:57	set redis error, err:[redis: can't marshal []*domain.Service (implement encoding.BinaryMarshaler)], trace_id:[9752982e736c19440ec77843a371a337], merchant:[]
2023-10-18 18:28:51	[INFO]	/var/www/shipping/kship-golang-check-price/src/present/httpui/middlewares/log.go:11	path: [/api/v4/check-price/GHTK], status: [400], method: [POST], user_agent: [PostmanRuntime/7.28.4], trace_id:[9752982e736c19440ec77843a371a337], merchant:[]
2023-10-18 18:28:51	[WARN]	/var/www/shipping/kship-golang-check-price/src/infra/decorators/base.go:57	set redis error, err:[redis: can't marshal []*domain.Service (implement encoding.BinaryMarshaler)], trace_id:[9752982e736c19440ec77843a371a337], merchant:[]
2023-10-18 18:30:25	[INFO]	/usr/local/go/src/runtime/proc.go:267	Received signal: interrupt. Shutting down Server ...
2023-10-18 18:30:25	[INFO]	/home/quangquyet/go/pkg/mod/go.uber.org/fx@v1.20.0/internal/lifecycle/lifecycle.go:303	Stopping HTTP server
2023-10-18 18:30:25	[DEBUG]	/home/quangquyet/go/pkg/mod/go.uber.org/fx@v1.20.0/internal/lifecycle/lifecycle.go:303	Coming OnStop Storage
